<?xml version="1.0"?>
<!DOCTYPE coverage SYSTEM "http://cobertura.sourceforge.net/xml/coverage-04.dtd">

<coverage line-rate="0.9111111111111111" branch-rate="0.5" lines-covered="41" lines-valid="45" branches-covered="7" branches-valid="14" complexity="1.5294117647058822" version="2.0.3" timestamp="1651592049387">
	<sources>
		<source>src/java</source>
	</sources>
	<packages>
		<package name="org.apache.commons.cli" line-rate="0.9111111111111111" branch-rate="0.5" complexity="1.5294117647058822">
			<classes>
				<class name="org.apache.commons.cli.CommandLine" filename="org/apache/commons/cli/CommandLine.java" line-rate="0.9111111111111111" branch-rate="0.5" complexity="1.5294117647058822">
					<methods>
						<method name="&lt;init&gt;" signature="()V" line-rate="1.0" branch-rate="1.0">
							<lines>
								<line number="43" hits="1318" branch="false"/>
								<line number="46" hits="1318" branch="false"/>
								<line number="47" hits="1318" branch="false"/>
								<line number="51" hits="1318" branch="false"/>
								<line number="57" hits="1318" branch="false"/>
								<line number="59" hits="1318" branch="false"/>
							</lines>
						</method>
						<method name="addArg" signature="(Ljava/lang/String;)V" line-rate="1.0" branch-rate="1.0">
							<lines>
								<line number="267" hits="226" branch="false"/>
								<line number="268" hits="226" branch="false"/>
							</lines>
						</method>
						<method name="addOption" signature="(Lorg/apache/commons/cli/Option;)V" line-rate="0.8571428571428571" branch-rate="0.5">
							<lines>
								<line number="278" hits="10" branch="false"/>
								<line number="279" hits="10" branch="false"/>
								<line number="280" hits="10" branch="true" condition-coverage="50% (1/2)">
									<conditions>
										<condition number="0" type="jump" coverage="50%"/>
									</conditions>
								</line>
								<line number="282" hits="0" branch="false"/>
								<line number="286" hits="10" branch="false"/>
								<line number="288" hits="10" branch="false"/>
								<line number="289" hits="10" branch="false"/>
							</lines>
						</method>
						<method name="getArgList" signature="()Ljava/util/List;" line-rate="1.0" branch-rate="1.0">
							<lines>
								<line number="235" hits="46" branch="false"/>
							</lines>
						</method>
						<method name="getArgs" signature="()[Ljava/lang/String;" line-rate="1.0" branch-rate="1.0">
							<lines>
								<line number="221" hits="628" branch="false"/>
								<line number="223" hits="628" branch="false"/>
								<line number="225" hits="628" branch="false"/>
							</lines>
						</method>
						<method name="getOptionObject" signature="(C)Ljava/lang/Object;" line-rate="1.0" branch-rate="1.0">
							<lines>
								<line number="111" hits="14" branch="false"/>
							</lines>
						</method>
						<method name="getOptionObject" signature="(Ljava/lang/String;)Ljava/lang/Object;" line-rate="0.6" branch-rate="0.25">
							<lines>
								<line number="91" hits="38" branch="false"/>
								<line number="93" hits="38" branch="true" condition-coverage="50% (1/2)">
									<conditions>
										<condition number="0" type="jump" coverage="50%"/>
									</conditions>
								</line>
								<line number="95" hits="38" branch="false"/>
								<line number="98" hits="0" branch="false"/>
								<line number="100" hits="0" branch="true" condition-coverage="0% (0/2)">
									<conditions>
										<condition number="0" type="jump" coverage="0%"/>
									</conditions>
								</line>
							</lines>
						</method>
						<method name="getOptionValue" signature="(C)Ljava/lang/String;" line-rate="1.0" branch-rate="1.0">
							<lines>
								<line number="137" hits="6" branch="false"/>
							</lines>
						</method>
						<method name="getOptionValue" signature="(CLjava/lang/String;)Ljava/lang/String;" line-rate="1.0" branch-rate="1.0">
							<lines>
								<line number="211" hits="24" branch="false"/>
							</lines>
						</method>
						<method name="getOptionValue" signature="(Ljava/lang/String;)Ljava/lang/String;" line-rate="1.0" branch-rate="0.5">
							<lines>
								<line number="123" hits="692" branch="false"/>
								<line number="125" hits="692" branch="true" condition-coverage="50% (1/2)">
									<conditions>
										<condition number="0" type="jump" coverage="50%"/>
									</conditions>
								</line>
							</lines>
						</method>
						<method name="getOptionValue" signature="(Ljava/lang/String;Ljava/lang/String;)Ljava/lang/String;" line-rate="1.0" branch-rate="0.5">
							<lines>
								<line number="195" hits="338" branch="false"/>
								<line number="197" hits="338" branch="true" condition-coverage="50% (1/2)">
									<conditions>
										<condition number="0" type="jump" coverage="50%"/>
									</conditions>
								</line>
							</lines>
						</method>
						<method name="getOptionValues" signature="(C)[Ljava/lang/String;" line-rate="1.0" branch-rate="1.0">
							<lines>
								<line number="181" hits="20" branch="false"/>
							</lines>
						</method>
						<method name="getOptionValues" signature="(Ljava/lang/String;)[Ljava/lang/String;" line-rate="0.8571428571428571" branch-rate="0.75">
							<lines>
								<line number="149" hits="1288" branch="false"/>
								<line number="151" hits="1288" branch="false"/>
								<line number="152" hits="1288" branch="true" condition-coverage="50% (1/2)">
									<conditions>
										<condition number="0" type="jump" coverage="50%"/>
									</conditions>
								</line>
								<line number="155" hits="0" branch="false"/>
								<line number="158" hits="1288" branch="true" condition-coverage="100% (2/2)">
									<conditions>
										<condition number="0" type="jump" coverage="100%"/>
									</conditions>
								</line>
								<line number="160" hits="4" branch="false"/>
								<line number="162" hits="1284" branch="false"/>
							</lines>
						</method>
						<method name="getOptions" signature="()[Lorg/apache/commons/cli/Option;" line-rate="1.0" branch-rate="1.0">
							<lines>
								<line number="309" hits="12" branch="false"/>
								<line number="312" hits="12" branch="false"/>
								<line number="315" hits="12" branch="false"/>
							</lines>
						</method>
						<method name="hasOption" signature="(C)Z" line-rate="1.0" branch-rate="1.0">
							<lines>
								<line number="80" hits="4" branch="false"/>
							</lines>
						</method>
						<method name="hasOption" signature="(Ljava/lang/String;)Z" line-rate="1.0" branch-rate="1.0">
							<lines>
								<line number="69" hits="28" branch="false"/>
							</lines>
						</method>
						<method name="iterator" signature="()Ljava/util/Iterator;" line-rate="1.0" branch-rate="1.0">
							<lines>
								<line number="299" hits="24" branch="false"/>
							</lines>
						</method>
					</methods>
					<lines>
						<line number="43" hits="1318" branch="false"/>
						<line number="46" hits="1318" branch="false"/>
						<line number="47" hits="1318" branch="false"/>
						<line number="51" hits="1318" branch="false"/>
						<line number="57" hits="1318" branch="false"/>
						<line number="59" hits="1318" branch="false"/>
						<line number="69" hits="28" branch="false"/>
						<line number="80" hits="4" branch="false"/>
						<line number="91" hits="38" branch="false"/>
						<line number="93" hits="38" branch="true" condition-coverage="50% (1/2)">
							<conditions>
								<condition number="0" type="jump" coverage="50%"/>
							</conditions>
						</line>
						<line number="95" hits="38" branch="false"/>
						<line number="98" hits="0" branch="false"/>
						<line number="100" hits="0" branch="true" condition-coverage="0% (0/2)">
							<conditions>
								<condition number="0" type="jump" coverage="0%"/>
							</conditions>
						</line>
						<line number="111" hits="14" branch="false"/>
						<line number="123" hits="692" branch="false"/>
						<line number="125" hits="692" branch="true" condition-coverage="50% (1/2)">
							<conditions>
								<condition number="0" type="jump" coverage="50%"/>
							</conditions>
						</line>
						<line number="137" hits="6" branch="false"/>
						<line number="149" hits="1288" branch="false"/>
						<line number="151" hits="1288" branch="false"/>
						<line number="152" hits="1288" branch="true" condition-coverage="50% (1/2)">
							<conditions>
								<condition number="0" type="jump" coverage="50%"/>
							</conditions>
						</line>
						<line number="155" hits="0" branch="false"/>
						<line number="158" hits="1288" branch="true" condition-coverage="100% (2/2)">
							<conditions>
								<condition number="0" type="jump" coverage="100%"/>
							</conditions>
						</line>
						<line number="160" hits="4" branch="false"/>
						<line number="162" hits="1284" branch="false"/>
						<line number="181" hits="20" branch="false"/>
						<line number="195" hits="338" branch="false"/>
						<line number="197" hits="338" branch="true" condition-coverage="50% (1/2)">
							<conditions>
								<condition number="0" type="jump" coverage="50%"/>
							</conditions>
						</line>
						<line number="211" hits="24" branch="false"/>
						<line number="221" hits="628" branch="false"/>
						<line number="223" hits="628" branch="false"/>
						<line number="225" hits="628" branch="false"/>
						<line number="235" hits="46" branch="false"/>
						<line number="267" hits="226" branch="false"/>
						<line number="268" hits="226" branch="false"/>
						<line number="278" hits="10" branch="false"/>
						<line number="279" hits="10" branch="false"/>
						<line number="280" hits="10" branch="true" condition-coverage="50% (1/2)">
							<conditions>
								<condition number="0" type="jump" coverage="50%"/>
							</conditions>
						</line>
						<line number="282" hits="0" branch="false"/>
						<line number="286" hits="10" branch="false"/>
						<line number="288" hits="10" branch="false"/>
						<line number="289" hits="10" branch="false"/>
						<line number="299" hits="24" branch="false"/>
						<line number="309" hits="12" branch="false"/>
						<line number="312" hits="12" branch="false"/>
						<line number="315" hits="12" branch="false"/>
					</lines>
				</class>
			</classes>
		</package>
	</packages>
</coverage>
