<?xml version="1.0"?>
<!DOCTYPE coverage SYSTEM "http://cobertura.sourceforge.net/xml/coverage-04.dtd">

<coverage line-rate="0.725" branch-rate="0.5625" lines-covered="290" lines-valid="400" branches-covered="108" branches-valid="192" complexity="2.623529411764706" version="2.0.3" timestamp="1653673557847">
	<sources>
		<source>src/main/java</source>
	</sources>
	<packages>
		<package name="org.apache.commons.math3.fraction" line-rate="0.725" branch-rate="0.5625" complexity="2.623529411764706">
			<classes>
				<class name="org.apache.commons.math3.fraction.BigFraction" filename="org/apache/commons/math3/fraction/BigFraction.java" line-rate="0.7695652173913043" branch-rate="0.5816326530612245" complexity="2.314814814814815">
					<methods>
						<method name="&lt;clinit&gt;" signature="()V" line-rate="1.0" branch-rate="1.0">
							<lines>
								<line number="45" hits="1" branch="false"/>
								<line number="48" hits="1" branch="false"/>
								<line number="51" hits="1" branch="false"/>
								<line number="54" hits="1" branch="false"/>
								<line number="57" hits="1" branch="false"/>
								<line number="60" hits="1" branch="false"/>
								<line number="63" hits="1" branch="false"/>
								<line number="66" hits="1" branch="false"/>
								<line number="69" hits="1" branch="false"/>
								<line number="72" hits="1" branch="false"/>
								<line number="75" hits="1" branch="false"/>
								<line number="78" hits="1" branch="false"/>
								<line number="81" hits="1" branch="false"/>
								<line number="84" hits="1" branch="false"/>
								<line number="90" hits="1" branch="false"/>
							</lines>
						</method>
						<method name="&lt;init&gt;" signature="(D)V" line-rate="0.0" branch-rate="0.0">
							<lines>
								<line number="172" hits="0" branch="false"/>
								<line number="173" hits="0" branch="true" condition-coverage="0% (0/2)">
									<conditions>
										<condition number="0" type="jump" coverage="0%"/>
									</conditions>
								</line>
								<line number="174" hits="0" branch="false"/>
								<line number="176" hits="0" branch="true" condition-coverage="0% (0/2)">
									<conditions>
										<condition number="0" type="jump" coverage="0%"/>
									</conditions>
								</line>
								<line number="177" hits="0" branch="false"/>
								<line number="181" hits="0" branch="false"/>
								<line number="182" hits="0" branch="false"/>
								<line number="183" hits="0" branch="false"/>
								<line number="184" hits="0" branch="false"/>
								<line number="185" hits="0" branch="true" condition-coverage="0% (0/2)">
									<conditions>
										<condition number="0" type="jump" coverage="0%"/>
									</conditions>
								</line>
								<line number="187" hits="0" branch="false"/>
								<line number="189" hits="0" branch="true" condition-coverage="0% (0/2)">
									<conditions>
										<condition number="0" type="jump" coverage="0%"/>
									</conditions>
								</line>
								<line number="190" hits="0" branch="false"/>
								<line number="192" hits="0" branch="false"/>
								<line number="193" hits="0" branch="true" condition-coverage="0% (0/4)">
									<conditions>
										<condition number="0" type="jump" coverage="0%"/>
										<condition number="1" type="jump" coverage="0%"/>
									</conditions>
								</line>
								<line number="194" hits="0" branch="false"/>
								<line number="195" hits="0" branch="false"/>
								<line number="198" hits="0" branch="true" condition-coverage="0% (0/2)">
									<conditions>
										<condition number="0" type="jump" coverage="0%"/>
									</conditions>
								</line>
								<line number="199" hits="0" branch="false"/>
								<line number="200" hits="0" branch="false"/>
								<line number="202" hits="0" branch="false"/>
								<line number="203" hits="0" branch="false"/>
								<line number="206" hits="0" branch="false"/>
							</lines>
						</method>
						<method name="&lt;init&gt;" signature="(DDI)V" line-rate="1.0" branch-rate="1.0">
							<lines>
								<line number="232" hits="12" branch="false"/>
								<line number="233" hits="12" branch="false"/>
							</lines>
						</method>
						<method name="&lt;init&gt;" signature="(DDII)V" line-rate="0.8837209302325582" branch-rate="0.65">
							<lines>
								<line number="271" hits="14" branch="false"/>
								<line number="272" hits="14" branch="false"/>
								<line number="273" hits="14" branch="false"/>
								<line number="274" hits="14" branch="false"/>
								<line number="275" hits="14" branch="true" condition-coverage="50% (1/2)">
									<conditions>
										<condition number="0" type="jump" coverage="50%"/>
									</conditions>
								</line>
								<line number="276" hits="0" branch="false"/>
								<line number="281" hits="14" branch="true" condition-coverage="100% (2/2)">
									<conditions>
										<condition number="0" type="jump" coverage="100%"/>
									</conditions>
								</line>
								<line number="282" hits="12" branch="false"/>
								<line number="283" hits="12" branch="false"/>
								<line number="284" hits="12" branch="false"/>
								<line number="287" hits="2" branch="false"/>
								<line number="288" hits="2" branch="false"/>
								<line number="289" hits="2" branch="false"/>
								<line number="290" hits="2" branch="false"/>
								<line number="292" hits="2" branch="false"/>
								<line number="293" hits="2" branch="false"/>
								<line number="295" hits="2" branch="false"/>
								<line number="296" hits="2" branch="false"/>
								<line number="298" hits="6" branch="false"/>
								<line number="299" hits="6" branch="false"/>
								<line number="300" hits="6" branch="false"/>
								<line number="301" hits="6" branch="false"/>
								<line number="302" hits="6" branch="false"/>
								<line number="303" hits="6" branch="true" condition-coverage="50% (2/4)">
									<conditions>
										<condition number="0" type="jump" coverage="50%"/>
										<condition number="1" type="jump" coverage="50%"/>
									</conditions>
								</line>
								<line number="306" hits="0" branch="false"/>
								<line number="309" hits="6" branch="false"/>
								<line number="310" hits="6" branch="true" condition-coverage="66% (4/6)">
									<conditions>
										<condition number="0" type="jump" coverage="50%"/>
										<condition number="1" type="jump" coverage="50%"/>
										<condition number="2" type="jump" coverage="100%"/>
									</conditions>
								</line>
								<line number="313" hits="4" branch="false"/>
								<line number="314" hits="4" branch="false"/>
								<line number="315" hits="4" branch="false"/>
								<line number="316" hits="4" branch="false"/>
								<line number="317" hits="4" branch="false"/>
								<line number="318" hits="4" branch="false"/>
								<line number="320" hits="2" branch="false"/>
								<line number="322" hits="6" branch="true" condition-coverage="100% (2/2)">
									<conditions>
										<condition number="0" type="jump" coverage="100%"/>
									</conditions>
								</line>
								<line number="324" hits="2" branch="true" condition-coverage="50% (1/2)">
									<conditions>
										<condition number="0" type="jump" coverage="50%"/>
									</conditions>
								</line>
								<line number="325" hits="0" branch="false"/>
								<line number="328" hits="2" branch="true" condition-coverage="50% (1/2)">
									<conditions>
										<condition number="0" type="jump" coverage="50%"/>
									</conditions>
								</line>
								<line number="329" hits="0" branch="false"/>
								<line number="330" hits="0" branch="false"/>
								<line number="332" hits="2" branch="false"/>
								<line number="333" hits="2" branch="false"/>
								<line number="335" hits="2" branch="false"/>
							</lines>
						</method>
						<method name="&lt;init&gt;" signature="(DI)V" line-rate="1.0" branch-rate="1.0">
							<lines>
								<line number="356" hits="2" branch="false"/>
								<line number="357" hits="2" branch="false"/>
							</lines>
						</method>
						<method name="&lt;init&gt;" signature="(I)V" line-rate="1.0" branch-rate="1.0">
							<lines>
								<line number="369" hits="480" branch="false"/>
								<line number="370" hits="480" branch="false"/>
							</lines>
						</method>
						<method name="&lt;init&gt;" signature="(II)V" line-rate="1.0" branch-rate="1.0">
							<lines>
								<line number="384" hits="16" branch="false"/>
								<line number="385" hits="16" branch="false"/>
							</lines>
						</method>
						<method name="&lt;init&gt;" signature="(J)V" line-rate="1.0" branch-rate="1.0">
							<lines>
								<line number="396" hits="302" branch="false"/>
								<line number="397" hits="302" branch="false"/>
							</lines>
						</method>
						<method name="&lt;init&gt;" signature="(JJ)V" line-rate="1.0" branch-rate="1.0">
							<lines>
								<line number="411" hits="36" branch="false"/>
								<line number="412" hits="36" branch="false"/>
							</lines>
						</method>
						<method name="&lt;init&gt;" signature="(Ljava/math/BigInteger;)V" line-rate="1.0" branch-rate="1.0">
							<lines>
								<line number="108" hits="14" branch="false"/>
								<line number="109" hits="14" branch="false"/>
							</lines>
						</method>
						<method name="&lt;init&gt;" signature="(Ljava/math/BigInteger;Ljava/math/BigInteger;)V" line-rate="0.9444444444444444" branch-rate="0.875">
							<lines>
								<line number="120" hits="3902" branch="false"/>
								<line number="121" hits="3902" branch="false"/>
								<line number="122" hits="3902" branch="false"/>
								<line number="123" hits="3902" branch="true" condition-coverage="50% (1/2)">
									<conditions>
										<condition number="0" type="jump" coverage="50%"/>
									</conditions>
								</line>
								<line number="124" hits="0" branch="false"/>
								<line number="126" hits="3902" branch="true" condition-coverage="100% (2/2)">
									<conditions>
										<condition number="0" type="jump" coverage="100%"/>
									</conditions>
								</line>
								<line number="127" hits="971" branch="false"/>
								<line number="128" hits="971" branch="false"/>
								<line number="132" hits="2931" branch="false"/>
								<line number="133" hits="2931" branch="true" condition-coverage="100% (2/2)">
									<conditions>
										<condition number="0" type="jump" coverage="100%"/>
									</conditions>
								</line>
								<line number="134" hits="259" branch="false"/>
								<line number="135" hits="259" branch="false"/>
								<line number="139" hits="2931" branch="true" condition-coverage="100% (2/2)">
									<conditions>
										<condition number="0" type="jump" coverage="100%"/>
									</conditions>
								</line>
								<line number="140" hits="72" branch="false"/>
								<line number="141" hits="72" branch="false"/>
								<line number="145" hits="2931" branch="false"/>
								<line number="146" hits="2931" branch="false"/>
								<line number="149" hits="3902" branch="false"/>
							</lines>
						</method>
						<method name="abs" signature="()Lorg/apache/commons/math3/fraction/BigFraction;" line-rate="1.0" branch-rate="1.0">
							<lines>
								<line number="450" hits="240" branch="true" condition-coverage="100% (2/2)">
									<conditions>
										<condition number="0" type="jump" coverage="100%"/>
									</conditions>
								</line>
							</lines>
						</method>
						<method name="add" signature="(I)Lorg/apache/commons/math3/fraction/BigFraction;" line-rate="1.0" branch-rate="1.0">
							<lines>
								<line number="481" hits="236" branch="false"/>
							</lines>
						</method>
						<method name="add" signature="(J)Lorg/apache/commons/math3/fraction/BigFraction;" line-rate="1.0" branch-rate="1.0">
							<lines>
								<line number="495" hits="6" branch="false"/>
							</lines>
						</method>
						<method name="add" signature="(Ljava/lang/Object;)Ljava/lang/Object;" line-rate="1.0" branch-rate="1.0">
							<lines>
							</lines>
						</method>
						<method name="add" signature="(Ljava/math/BigInteger;)Lorg/apache/commons/math3/fraction/BigFraction;" line-rate="1.0" branch-rate="1.0">
							<lines>
								<line number="466" hits="324" branch="false"/>
								<line number="467" hits="324" branch="false"/>
							</lines>
						</method>
						<method name="add" signature="(Lorg/apache/commons/math3/fraction/BigFraction;)Lorg/apache/commons/math3/fraction/BigFraction;" line-rate="0.8333333333333334" branch-rate="0.6666666666666666">
							<lines>
								<line number="510" hits="456" branch="true" condition-coverage="50% (1/2)">
									<conditions>
										<condition number="0" type="jump" coverage="50%"/>
									</conditions>
								</line>
								<line number="511" hits="0" branch="false"/>
								<line number="513" hits="456" branch="true" condition-coverage="50% (1/2)">
									<conditions>
										<condition number="0" type="jump" coverage="50%"/>
									</conditions>
								</line>
								<line number="514" hits="0" branch="false"/>
								<line number="517" hits="456" branch="false"/>
								<line number="518" hits="456" branch="false"/>
								<line number="520" hits="456" branch="true" condition-coverage="100% (2/2)">
									<conditions>
										<condition number="0" type="jump" coverage="100%"/>
									</conditions>
								</line>
								<line number="521" hits="138" branch="false"/>
								<line number="522" hits="138" branch="false"/>
								<line number="524" hits="318" branch="false"/>
								<line number="525" hits="318" branch="false"/>
								<line number="527" hits="456" branch="false"/>
							</lines>
						</method>
						<method name="bigDecimalValue" signature="()Ljava/math/BigDecimal;" line-rate="1.0" branch-rate="1.0">
							<lines>
								<line number="544" hits="16" branch="false"/>
							</lines>
						</method>
						<method name="bigDecimalValue" signature="(I)Ljava/math/BigDecimal;" line-rate="1.0" branch-rate="1.0">
							<lines>
								<line number="563" hits="32" branch="false"/>
							</lines>
						</method>
						<method name="bigDecimalValue" signature="(II)Ljava/math/BigDecimal;" line-rate="1.0" branch-rate="1.0">
							<lines>
								<line number="582" hits="2" branch="false"/>
							</lines>
						</method>
						<method name="compareTo" signature="(Ljava/lang/Object;)I" line-rate="0.0" branch-rate="1.0">
							<lines>
								<line number="40" hits="0" branch="false"/>
							</lines>
						</method>
						<method name="compareTo" signature="(Lorg/apache/commons/math3/fraction/BigFraction;)I" line-rate="1.0" branch-rate="1.0">
							<lines>
								<line number="597" hits="114" branch="false"/>
								<line number="598" hits="114" branch="false"/>
								<line number="599" hits="114" branch="false"/>
							</lines>
						</method>
						<method name="divide" signature="(I)Lorg/apache/commons/math3/fraction/BigFraction;" line-rate="1.0" branch-rate="1.0">
							<lines>
								<line number="634" hits="26" branch="false"/>
							</lines>
						</method>
						<method name="divide" signature="(J)Lorg/apache/commons/math3/fraction/BigFraction;" line-rate="1.0" branch-rate="1.0">
							<lines>
								<line number="648" hits="8" branch="false"/>
							</lines>
						</method>
						<method name="divide" signature="(Ljava/lang/Object;)Ljava/lang/Object;" line-rate="1.0" branch-rate="1.0">
							<lines>
							</lines>
						</method>
						<method name="divide" signature="(Ljava/math/BigInteger;)Lorg/apache/commons/math3/fraction/BigFraction;" line-rate="0.6" branch-rate="0.5">
							<lines>
								<line number="614" hits="114" branch="true" condition-coverage="50% (1/2)">
									<conditions>
										<condition number="0" type="jump" coverage="50%"/>
									</conditions>
								</line>
								<line number="615" hits="0" branch="false"/>
								<line number="617" hits="114" branch="true" condition-coverage="50% (1/2)">
									<conditions>
										<condition number="0" type="jump" coverage="50%"/>
									</conditions>
								</line>
								<line number="618" hits="0" branch="false"/>
								<line number="620" hits="114" branch="false"/>
							</lines>
						</method>
						<method name="divide" signature="(Lorg/apache/commons/math3/fraction/BigFraction;)Lorg/apache/commons/math3/fraction/BigFraction;" line-rate="0.6" branch-rate="0.5">
							<lines>
								<line number="663" hits="50" branch="true" condition-coverage="50% (1/2)">
									<conditions>
										<condition number="0" type="jump" coverage="50%"/>
									</conditions>
								</line>
								<line number="664" hits="0" branch="false"/>
								<line number="666" hits="50" branch="true" condition-coverage="50% (1/2)">
									<conditions>
										<condition number="0" type="jump" coverage="50%"/>
									</conditions>
								</line>
								<line number="667" hits="0" branch="false"/>
								<line number="670" hits="50" branch="false"/>
							</lines>
						</method>
						<method name="doubleValue" signature="()D" line-rate="0.6" branch-rate="0.5">
							<lines>
								<line number="684" hits="44" branch="false"/>
								<line number="685" hits="44" branch="true" condition-coverage="50% (1/2)">
									<conditions>
										<condition number="0" type="jump" coverage="50%"/>
									</conditions>
								</line>
								<line number="688" hits="0" branch="false"/>
								<line number="690" hits="0" branch="false"/>
								<line number="693" hits="44" branch="false"/>
							</lines>
						</method>
						<method name="equals" signature="(Ljava/lang/Object;)Z" line-rate="0.875" branch-rate="0.875">
							<lines>
								<line number="713" hits="522" branch="false"/>
								<line number="715" hits="522" branch="true" condition-coverage="50% (1/2)">
									<conditions>
										<condition number="0" type="jump" coverage="50%"/>
									</conditions>
								</line>
								<line number="716" hits="0" branch="false"/>
								<line number="717" hits="522" branch="true" condition-coverage="100% (2/2)">
									<conditions>
										<condition number="0" type="jump" coverage="100%"/>
									</conditions>
								</line>
								<line number="718" hits="498" branch="false"/>
								<line number="719" hits="498" branch="false"/>
								<line number="720" hits="498" branch="true" condition-coverage="100% (4/4)">
									<conditions>
										<condition number="0" type="jump" coverage="100%"/>
										<condition number="1" type="jump" coverage="100%"/>
									</conditions>
								</line>
								<line number="723" hits="522" branch="false"/>
							</lines>
						</method>
						<method name="floatValue" signature="()F" line-rate="0.6" branch-rate="0.5">
							<lines>
								<line number="737" hits="402" branch="false"/>
								<line number="738" hits="402" branch="true" condition-coverage="50% (1/2)">
									<conditions>
										<condition number="0" type="jump" coverage="50%"/>
									</conditions>
								</line>
								<line number="741" hits="0" branch="false"/>
								<line number="743" hits="0" branch="false"/>
								<line number="746" hits="402" branch="false"/>
							</lines>
						</method>
						<method name="getDenominator" signature="()Ljava/math/BigInteger;" line-rate="1.0" branch-rate="1.0">
							<lines>
								<line number="757" hits="478" branch="false"/>
							</lines>
						</method>
						<method name="getDenominatorAsInt" signature="()I" line-rate="1.0" branch-rate="1.0">
							<lines>
								<line number="768" hits="6" branch="false"/>
							</lines>
						</method>
						<method name="getDenominatorAsLong" signature="()J" line-rate="1.0" branch-rate="1.0">
							<lines>
								<line number="779" hits="24" branch="false"/>
							</lines>
						</method>
						<method name="getField" signature="()Lorg/apache/commons/math3/Field;" line-rate="1.0" branch-rate="1.0">
							<lines>
							</lines>
						</method>
						<method name="getField" signature="()Lorg/apache/commons/math3/fraction/BigFractionField;" line-rate="1.0" branch-rate="1.0">
							<lines>
								<line number="1141" hits="62" branch="false"/>
							</lines>
						</method>
						<method name="getNumerator" signature="()Ljava/math/BigInteger;" line-rate="1.0" branch-rate="1.0">
							<lines>
								<line number="790" hits="568" branch="false"/>
							</lines>
						</method>
						<method name="getNumeratorAsInt" signature="()I" line-rate="1.0" branch-rate="1.0">
							<lines>
								<line number="801" hits="22" branch="false"/>
							</lines>
						</method>
						<method name="getNumeratorAsLong" signature="()J" line-rate="1.0" branch-rate="1.0">
							<lines>
								<line number="812" hits="10" branch="false"/>
							</lines>
						</method>
						<method name="getReducedFraction" signature="(II)Lorg/apache/commons/math3/fraction/BigFraction;" line-rate="0.6666666666666666" branch-rate="0.5">
							<lines>
								<line number="435" hits="6" branch="true" condition-coverage="50% (1/2)">
									<conditions>
										<condition number="0" type="jump" coverage="50%"/>
									</conditions>
								</line>
								<line number="436" hits="0" branch="false"/>
								<line number="439" hits="6" branch="false"/>
							</lines>
						</method>
						<method name="hashCode" signature="()I" line-rate="0.0" branch-rate="1.0">
							<lines>
								<line number="825" hits="0" branch="false"/>
							</lines>
						</method>
						<method name="intValue" signature="()I" line-rate="1.0" branch-rate="1.0">
							<lines>
								<line number="839" hits="40" branch="false"/>
							</lines>
						</method>
						<method name="longValue" signature="()J" line-rate="1.0" branch-rate="1.0">
							<lines>
								<line number="853" hits="490" branch="false"/>
							</lines>
						</method>
						<method name="multiply" signature="(I)Ljava/lang/Object;" line-rate="1.0" branch-rate="1.0">
							<lines>
							</lines>
						</method>
						<method name="multiply" signature="(I)Lorg/apache/commons/math3/fraction/BigFraction;" line-rate="1.0" branch-rate="1.0">
							<lines>
								<line number="884" hits="118" branch="false"/>
							</lines>
						</method>
						<method name="multiply" signature="(J)Lorg/apache/commons/math3/fraction/BigFraction;" line-rate="1.0" branch-rate="1.0">
							<lines>
								<line number="898" hits="68" branch="false"/>
							</lines>
						</method>
						<method name="multiply" signature="(Ljava/lang/Object;)Ljava/lang/Object;" line-rate="1.0" branch-rate="1.0">
							<lines>
							</lines>
						</method>
						<method name="multiply" signature="(Ljava/math/BigInteger;)Lorg/apache/commons/math3/fraction/BigFraction;" line-rate="0.6666666666666666" branch-rate="0.5">
							<lines>
								<line number="867" hits="344" branch="true" condition-coverage="50% (1/2)">
									<conditions>
										<condition number="0" type="jump" coverage="50%"/>
									</conditions>
								</line>
								<line number="868" hits="0" branch="false"/>
								<line number="870" hits="344" branch="false"/>
							</lines>
						</method>
						<method name="multiply" signature="(Lorg/apache/commons/math3/fraction/BigFraction;)Lorg/apache/commons/math3/fraction/BigFraction;" line-rate="0.8" branch-rate="0.6666666666666666">
							<lines>
								<line number="912" hits="102" branch="true" condition-coverage="50% (1/2)">
									<conditions>
										<condition number="0" type="jump" coverage="50%"/>
									</conditions>
								</line>
								<line number="913" hits="0" branch="false"/>
								<line number="915" hits="102" branch="true" condition-coverage="75% (3/4)">
									<conditions>
										<condition number="0" type="jump" coverage="50%"/>
										<condition number="1" type="jump" coverage="100%"/>
									</conditions>
								</line>
								<line number="917" hits="4" branch="false"/>
								<line number="919" hits="98" branch="false"/>
							</lines>
						</method>
						<method name="negate" signature="()Ljava/lang/Object;" line-rate="1.0" branch-rate="1.0">
							<lines>
							</lines>
						</method>
						<method name="negate" signature="()Lorg/apache/commons/math3/fraction/BigFraction;" line-rate="1.0" branch-rate="1.0">
							<lines>
								<line number="932" hits="68" branch="false"/>
							</lines>
						</method>
						<method name="percentageValue" signature="()D" line-rate="1.0" branch-rate="1.0">
							<lines>
								<line number="944" hits="20" branch="false"/>
							</lines>
						</method>
						<method name="pow" signature="(D)D" line-rate="1.0" branch-rate="1.0">
							<lines>
								<line number="1015" hits="12" branch="false"/>
							</lines>
						</method>
						<method name="pow" signature="(I)Lorg/apache/commons/math3/fraction/BigFraction;" line-rate="1.0" branch-rate="1.0">
							<lines>
								<line number="959" hits="10" branch="true" condition-coverage="100% (2/2)">
									<conditions>
										<condition number="0" type="jump" coverage="100%"/>
									</conditions>
								</line>
								<line number="960" hits="2" branch="false"/>
								<line number="962" hits="8" branch="false"/>
							</lines>
						</method>
						<method name="pow" signature="(J)Lorg/apache/commons/math3/fraction/BigFraction;" line-rate="0.6666666666666666" branch-rate="0.5">
							<lines>
								<line number="976" hits="52" branch="true" condition-coverage="50% (1/2)">
									<conditions>
										<condition number="0" type="jump" coverage="50%"/>
									</conditions>
								</line>
								<line number="977" hits="0" branch="false"/>
								<line number="980" hits="52" branch="false"/>
							</lines>
						</method>
						<method name="pow" signature="(Ljava/math/BigInteger;)Lorg/apache/commons/math3/fraction/BigFraction;" line-rate="0.5" branch-rate="0.5">
							<lines>
								<line number="995" hits="58" branch="true" condition-coverage="50% (1/2)">
									<conditions>
										<condition number="0" type="jump" coverage="50%"/>
									</conditions>
								</line>
								<line number="996" hits="0" branch="false"/>
								<line number="997" hits="0" branch="false"/>
								<line number="1000" hits="58" branch="false"/>
							</lines>
						</method>
						<method name="reciprocal" signature="()Ljava/lang/Object;" line-rate="1.0" branch-rate="1.0">
							<lines>
							</lines>
						</method>
						<method name="reciprocal" signature="()Lorg/apache/commons/math3/fraction/BigFraction;" line-rate="1.0" branch-rate="1.0">
							<lines>
								<line number="1027" hits="130" branch="false"/>
							</lines>
						</method>
						<method name="reduce" signature="()Lorg/apache/commons/math3/fraction/BigFraction;" line-rate="1.0" branch-rate="1.0">
							<lines>
								<line number="1039" hits="1174" branch="false"/>
								<line number="1040" hits="1174" branch="false"/>
							</lines>
						</method>
						<method name="subtract" signature="(I)Lorg/apache/commons/math3/fraction/BigFraction;" line-rate="1.0" branch-rate="1.0">
							<lines>
								<line number="1070" hits="94" branch="false"/>
							</lines>
						</method>
						<method name="subtract" signature="(J)Lorg/apache/commons/math3/fraction/BigFraction;" line-rate="1.0" branch-rate="1.0">
							<lines>
								<line number="1083" hits="18" branch="false"/>
							</lines>
						</method>
						<method name="subtract" signature="(Ljava/lang/Object;)Ljava/lang/Object;" line-rate="1.0" branch-rate="1.0">
							<lines>
							</lines>
						</method>
						<method name="subtract" signature="(Ljava/math/BigInteger;)Lorg/apache/commons/math3/fraction/BigFraction;" line-rate="0.6666666666666666" branch-rate="0.5">
							<lines>
								<line number="1054" hits="148" branch="true" condition-coverage="50% (1/2)">
									<conditions>
										<condition number="0" type="jump" coverage="50%"/>
									</conditions>
								</line>
								<line number="1055" hits="0" branch="false"/>
								<line number="1057" hits="148" branch="false"/>
							</lines>
						</method>
						<method name="subtract" signature="(Lorg/apache/commons/math3/fraction/BigFraction;)Lorg/apache/commons/math3/fraction/BigFraction;" line-rate="0.8333333333333334" branch-rate="0.8333333333333334">
							<lines>
								<line number="1097" hits="22" branch="true" condition-coverage="100% (2/2)">
									<conditions>
										<condition number="0" type="jump" coverage="100%"/>
									</conditions>
								</line>
								<line number="1098" hits="2" branch="false"/>
								<line number="1100" hits="20" branch="true" condition-coverage="100% (2/2)">
									<conditions>
										<condition number="0" type="jump" coverage="100%"/>
									</conditions>
								</line>
								<line number="1101" hits="2" branch="false"/>
								<line number="1104" hits="18" branch="false"/>
								<line number="1105" hits="18" branch="false"/>
								<line number="1106" hits="18" branch="true" condition-coverage="50% (1/2)">
									<conditions>
										<condition number="0" type="jump" coverage="50%"/>
									</conditions>
								</line>
								<line number="1107" hits="0" branch="false"/>
								<line number="1108" hits="0" branch="false"/>
								<line number="1110" hits="18" branch="false"/>
								<line number="1111" hits="18" branch="false"/>
								<line number="1113" hits="18" branch="false"/>
							</lines>
						</method>
						<method name="toString" signature="()Ljava/lang/String;" line-rate="0.7142857142857143" branch-rate="0.5">
							<lines>
								<line number="1128" hits="146" branch="false"/>
								<line number="1129" hits="146" branch="true" condition-coverage="50% (1/2)">
									<conditions>
										<condition number="0" type="jump" coverage="50%"/>
									</conditions>
								</line>
								<line number="1130" hits="0" branch="false"/>
								<line number="1131" hits="146" branch="true" condition-coverage="50% (1/2)">
									<conditions>
										<condition number="0" type="jump" coverage="50%"/>
									</conditions>
								</line>
								<line number="1132" hits="0" branch="false"/>
								<line number="1134" hits="146" branch="false"/>
								<line number="1136" hits="146" branch="false"/>
							</lines>
						</method>
					</methods>
					<lines>
						<line number="40" hits="0" branch="false"/>
						<line number="45" hits="1" branch="false"/>
						<line number="48" hits="1" branch="false"/>
						<line number="51" hits="1" branch="false"/>
						<line number="54" hits="1" branch="false"/>
						<line number="57" hits="1" branch="false"/>
						<line number="60" hits="1" branch="false"/>
						<line number="63" hits="1" branch="false"/>
						<line number="66" hits="1" branch="false"/>
						<line number="69" hits="1" branch="false"/>
						<line number="72" hits="1" branch="false"/>
						<line number="75" hits="1" branch="false"/>
						<line number="78" hits="1" branch="false"/>
						<line number="81" hits="1" branch="false"/>
						<line number="84" hits="1" branch="false"/>
						<line number="90" hits="1" branch="false"/>
						<line number="108" hits="14" branch="false"/>
						<line number="109" hits="14" branch="false"/>
						<line number="120" hits="3902" branch="false"/>
						<line number="121" hits="3902" branch="false"/>
						<line number="122" hits="3902" branch="false"/>
						<line number="123" hits="3902" branch="true" condition-coverage="50% (1/2)">
							<conditions>
								<condition number="0" type="jump" coverage="50%"/>
							</conditions>
						</line>
						<line number="124" hits="0" branch="false"/>
						<line number="126" hits="3902" branch="true" condition-coverage="100% (2/2)">
							<conditions>
								<condition number="0" type="jump" coverage="100%"/>
							</conditions>
						</line>
						<line number="127" hits="971" branch="false"/>
						<line number="128" hits="971" branch="false"/>
						<line number="132" hits="2931" branch="false"/>
						<line number="133" hits="2931" branch="true" condition-coverage="100% (2/2)">
							<conditions>
								<condition number="0" type="jump" coverage="100%"/>
							</conditions>
						</line>
						<line number="134" hits="259" branch="false"/>
						<line number="135" hits="259" branch="false"/>
						<line number="139" hits="2931" branch="true" condition-coverage="100% (2/2)">
							<conditions>
								<condition number="0" type="jump" coverage="100%"/>
							</conditions>
						</line>
						<line number="140" hits="72" branch="false"/>
						<line number="141" hits="72" branch="false"/>
						<line number="145" hits="2931" branch="false"/>
						<line number="146" hits="2931" branch="false"/>
						<line number="149" hits="3902" branch="false"/>
						<line number="172" hits="0" branch="false"/>
						<line number="173" hits="0" branch="true" condition-coverage="0% (0/2)">
							<conditions>
								<condition number="0" type="jump" coverage="0%"/>
							</conditions>
						</line>
						<line number="174" hits="0" branch="false"/>
						<line number="176" hits="0" branch="true" condition-coverage="0% (0/2)">
							<conditions>
								<condition number="0" type="jump" coverage="0%"/>
							</conditions>
						</line>
						<line number="177" hits="0" branch="false"/>
						<line number="181" hits="0" branch="false"/>
						<line number="182" hits="0" branch="false"/>
						<line number="183" hits="0" branch="false"/>
						<line number="184" hits="0" branch="false"/>
						<line number="185" hits="0" branch="true" condition-coverage="0% (0/2)">
							<conditions>
								<condition number="0" type="jump" coverage="0%"/>
							</conditions>
						</line>
						<line number="187" hits="0" branch="false"/>
						<line number="189" hits="0" branch="true" condition-coverage="0% (0/2)">
							<conditions>
								<condition number="0" type="jump" coverage="0%"/>
							</conditions>
						</line>
						<line number="190" hits="0" branch="false"/>
						<line number="192" hits="0" branch="false"/>
						<line number="193" hits="0" branch="true" condition-coverage="0% (0/4)">
							<conditions>
								<condition number="0" type="jump" coverage="0%"/>
								<condition number="1" type="jump" coverage="0%"/>
							</conditions>
						</line>
						<line number="194" hits="0" branch="false"/>
						<line number="195" hits="0" branch="false"/>
						<line number="198" hits="0" branch="true" condition-coverage="0% (0/2)">
							<conditions>
								<condition number="0" type="jump" coverage="0%"/>
							</conditions>
						</line>
						<line number="199" hits="0" branch="false"/>
						<line number="200" hits="0" branch="false"/>
						<line number="202" hits="0" branch="false"/>
						<line number="203" hits="0" branch="false"/>
						<line number="206" hits="0" branch="false"/>
						<line number="232" hits="12" branch="false"/>
						<line number="233" hits="12" branch="false"/>
						<line number="271" hits="14" branch="false"/>
						<line number="272" hits="14" branch="false"/>
						<line number="273" hits="14" branch="false"/>
						<line number="274" hits="14" branch="false"/>
						<line number="275" hits="14" branch="true" condition-coverage="50% (1/2)">
							<conditions>
								<condition number="0" type="jump" coverage="50%"/>
							</conditions>
						</line>
						<line number="276" hits="0" branch="false"/>
						<line number="281" hits="14" branch="true" condition-coverage="100% (2/2)">
							<conditions>
								<condition number="0" type="jump" coverage="100%"/>
							</conditions>
						</line>
						<line number="282" hits="12" branch="false"/>
						<line number="283" hits="12" branch="false"/>
						<line number="284" hits="12" branch="false"/>
						<line number="287" hits="2" branch="false"/>
						<line number="288" hits="2" branch="false"/>
						<line number="289" hits="2" branch="false"/>
						<line number="290" hits="2" branch="false"/>
						<line number="292" hits="2" branch="false"/>
						<line number="293" hits="2" branch="false"/>
						<line number="295" hits="2" branch="false"/>
						<line number="296" hits="2" branch="false"/>
						<line number="298" hits="6" branch="false"/>
						<line number="299" hits="6" branch="false"/>
						<line number="300" hits="6" branch="false"/>
						<line number="301" hits="6" branch="false"/>
						<line number="302" hits="6" branch="false"/>
						<line number="303" hits="6" branch="true" condition-coverage="50% (2/4)">
							<conditions>
								<condition number="0" type="jump" coverage="50%"/>
								<condition number="1" type="jump" coverage="50%"/>
							</conditions>
						</line>
						<line number="306" hits="0" branch="false"/>
						<line number="309" hits="6" branch="false"/>
						<line number="310" hits="6" branch="true" condition-coverage="66% (4/6)">
							<conditions>
								<condition number="0" type="jump" coverage="50%"/>
								<condition number="1" type="jump" coverage="50%"/>
								<condition number="2" type="jump" coverage="100%"/>
							</conditions>
						</line>
						<line number="313" hits="4" branch="false"/>
						<line number="314" hits="4" branch="false"/>
						<line number="315" hits="4" branch="false"/>
						<line number="316" hits="4" branch="false"/>
						<line number="317" hits="4" branch="false"/>
						<line number="318" hits="4" branch="false"/>
						<line number="320" hits="2" branch="false"/>
						<line number="322" hits="6" branch="true" condition-coverage="100% (2/2)">
							<conditions>
								<condition number="0" type="jump" coverage="100%"/>
							</conditions>
						</line>
						<line number="324" hits="2" branch="true" condition-coverage="50% (1/2)">
							<conditions>
								<condition number="0" type="jump" coverage="50%"/>
							</conditions>
						</line>
						<line number="325" hits="0" branch="false"/>
						<line number="328" hits="2" branch="true" condition-coverage="50% (1/2)">
							<conditions>
								<condition number="0" type="jump" coverage="50%"/>
							</conditions>
						</line>
						<line number="329" hits="0" branch="false"/>
						<line number="330" hits="0" branch="false"/>
						<line number="332" hits="2" branch="false"/>
						<line number="333" hits="2" branch="false"/>
						<line number="335" hits="2" branch="false"/>
						<line number="356" hits="2" branch="false"/>
						<line number="357" hits="2" branch="false"/>
						<line number="369" hits="480" branch="false"/>
						<line number="370" hits="480" branch="false"/>
						<line number="384" hits="16" branch="false"/>
						<line number="385" hits="16" branch="false"/>
						<line number="396" hits="302" branch="false"/>
						<line number="397" hits="302" branch="false"/>
						<line number="411" hits="36" branch="false"/>
						<line number="412" hits="36" branch="false"/>
						<line number="435" hits="6" branch="true" condition-coverage="50% (1/2)">
							<conditions>
								<condition number="0" type="jump" coverage="50%"/>
							</conditions>
						</line>
						<line number="436" hits="0" branch="false"/>
						<line number="439" hits="6" branch="false"/>
						<line number="450" hits="240" branch="true" condition-coverage="100% (2/2)">
							<conditions>
								<condition number="0" type="jump" coverage="100%"/>
							</conditions>
						</line>
						<line number="466" hits="324" branch="false"/>
						<line number="467" hits="324" branch="false"/>
						<line number="481" hits="236" branch="false"/>
						<line number="495" hits="6" branch="false"/>
						<line number="510" hits="456" branch="true" condition-coverage="50% (1/2)">
							<conditions>
								<condition number="0" type="jump" coverage="50%"/>
							</conditions>
						</line>
						<line number="511" hits="0" branch="false"/>
						<line number="513" hits="456" branch="true" condition-coverage="50% (1/2)">
							<conditions>
								<condition number="0" type="jump" coverage="50%"/>
							</conditions>
						</line>
						<line number="514" hits="0" branch="false"/>
						<line number="517" hits="456" branch="false"/>
						<line number="518" hits="456" branch="false"/>
						<line number="520" hits="456" branch="true" condition-coverage="100% (2/2)">
							<conditions>
								<condition number="0" type="jump" coverage="100%"/>
							</conditions>
						</line>
						<line number="521" hits="138" branch="false"/>
						<line number="522" hits="138" branch="false"/>
						<line number="524" hits="318" branch="false"/>
						<line number="525" hits="318" branch="false"/>
						<line number="527" hits="456" branch="false"/>
						<line number="544" hits="16" branch="false"/>
						<line number="563" hits="32" branch="false"/>
						<line number="582" hits="2" branch="false"/>
						<line number="597" hits="114" branch="false"/>
						<line number="598" hits="114" branch="false"/>
						<line number="599" hits="114" branch="false"/>
						<line number="614" hits="114" branch="true" condition-coverage="50% (1/2)">
							<conditions>
								<condition number="0" type="jump" coverage="50%"/>
							</conditions>
						</line>
						<line number="615" hits="0" branch="false"/>
						<line number="617" hits="114" branch="true" condition-coverage="50% (1/2)">
							<conditions>
								<condition number="0" type="jump" coverage="50%"/>
							</conditions>
						</line>
						<line number="618" hits="0" branch="false"/>
						<line number="620" hits="114" branch="false"/>
						<line number="634" hits="26" branch="false"/>
						<line number="648" hits="8" branch="false"/>
						<line number="663" hits="50" branch="true" condition-coverage="50% (1/2)">
							<conditions>
								<condition number="0" type="jump" coverage="50%"/>
							</conditions>
						</line>
						<line number="664" hits="0" branch="false"/>
						<line number="666" hits="50" branch="true" condition-coverage="50% (1/2)">
							<conditions>
								<condition number="0" type="jump" coverage="50%"/>
							</conditions>
						</line>
						<line number="667" hits="0" branch="false"/>
						<line number="670" hits="50" branch="false"/>
						<line number="684" hits="44" branch="false"/>
						<line number="685" hits="44" branch="true" condition-coverage="50% (1/2)">
							<conditions>
								<condition number="0" type="jump" coverage="50%"/>
							</conditions>
						</line>
						<line number="688" hits="0" branch="false"/>
						<line number="690" hits="0" branch="false"/>
						<line number="693" hits="44" branch="false"/>
						<line number="713" hits="522" branch="false"/>
						<line number="715" hits="522" branch="true" condition-coverage="50% (1/2)">
							<conditions>
								<condition number="0" type="jump" coverage="50%"/>
							</conditions>
						</line>
						<line number="716" hits="0" branch="false"/>
						<line number="717" hits="522" branch="true" condition-coverage="100% (2/2)">
							<conditions>
								<condition number="0" type="jump" coverage="100%"/>
							</conditions>
						</line>
						<line number="718" hits="498" branch="false"/>
						<line number="719" hits="498" branch="false"/>
						<line number="720" hits="498" branch="true" condition-coverage="100% (4/4)">
							<conditions>
								<condition number="0" type="jump" coverage="100%"/>
								<condition number="1" type="jump" coverage="100%"/>
							</conditions>
						</line>
						<line number="723" hits="522" branch="false"/>
						<line number="737" hits="402" branch="false"/>
						<line number="738" hits="402" branch="true" condition-coverage="50% (1/2)">
							<conditions>
								<condition number="0" type="jump" coverage="50%"/>
							</conditions>
						</line>
						<line number="741" hits="0" branch="false"/>
						<line number="743" hits="0" branch="false"/>
						<line number="746" hits="402" branch="false"/>
						<line number="757" hits="478" branch="false"/>
						<line number="768" hits="6" branch="false"/>
						<line number="779" hits="24" branch="false"/>
						<line number="790" hits="568" branch="false"/>
						<line number="801" hits="22" branch="false"/>
						<line number="812" hits="10" branch="false"/>
						<line number="825" hits="0" branch="false"/>
						<line number="839" hits="40" branch="false"/>
						<line number="853" hits="490" branch="false"/>
						<line number="867" hits="344" branch="true" condition-coverage="50% (1/2)">
							<conditions>
								<condition number="0" type="jump" coverage="50%"/>
							</conditions>
						</line>
						<line number="868" hits="0" branch="false"/>
						<line number="870" hits="344" branch="false"/>
						<line number="884" hits="118" branch="false"/>
						<line number="898" hits="68" branch="false"/>
						<line number="912" hits="102" branch="true" condition-coverage="50% (1/2)">
							<conditions>
								<condition number="0" type="jump" coverage="50%"/>
							</conditions>
						</line>
						<line number="913" hits="0" branch="false"/>
						<line number="915" hits="102" branch="true" condition-coverage="75% (3/4)">
							<conditions>
								<condition number="0" type="jump" coverage="50%"/>
								<condition number="1" type="jump" coverage="100%"/>
							</conditions>
						</line>
						<line number="917" hits="4" branch="false"/>
						<line number="919" hits="98" branch="false"/>
						<line number="932" hits="68" branch="false"/>
						<line number="944" hits="20" branch="false"/>
						<line number="959" hits="10" branch="true" condition-coverage="100% (2/2)">
							<conditions>
								<condition number="0" type="jump" coverage="100%"/>
							</conditions>
						</line>
						<line number="960" hits="2" branch="false"/>
						<line number="962" hits="8" branch="false"/>
						<line number="976" hits="52" branch="true" condition-coverage="50% (1/2)">
							<conditions>
								<condition number="0" type="jump" coverage="50%"/>
							</conditions>
						</line>
						<line number="977" hits="0" branch="false"/>
						<line number="980" hits="52" branch="false"/>
						<line number="995" hits="58" branch="true" condition-coverage="50% (1/2)">
							<conditions>
								<condition number="0" type="jump" coverage="50%"/>
							</conditions>
						</line>
						<line number="996" hits="0" branch="false"/>
						<line number="997" hits="0" branch="false"/>
						<line number="1000" hits="58" branch="false"/>
						<line number="1015" hits="12" branch="false"/>
						<line number="1027" hits="130" branch="false"/>
						<line number="1039" hits="1174" branch="false"/>
						<line number="1040" hits="1174" branch="false"/>
						<line number="1054" hits="148" branch="true" condition-coverage="50% (1/2)">
							<conditions>
								<condition number="0" type="jump" coverage="50%"/>
							</conditions>
						</line>
						<line number="1055" hits="0" branch="false"/>
						<line number="1057" hits="148" branch="false"/>
						<line number="1070" hits="94" branch="false"/>
						<line number="1083" hits="18" branch="false"/>
						<line number="1097" hits="22" branch="true" condition-coverage="100% (2/2)">
							<conditions>
								<condition number="0" type="jump" coverage="100%"/>
							</conditions>
						</line>
						<line number="1098" hits="2" branch="false"/>
						<line number="1100" hits="20" branch="true" condition-coverage="100% (2/2)">
							<conditions>
								<condition number="0" type="jump" coverage="100%"/>
							</conditions>
						</line>
						<line number="1101" hits="2" branch="false"/>
						<line number="1104" hits="18" branch="false"/>
						<line number="1105" hits="18" branch="false"/>
						<line number="1106" hits="18" branch="true" condition-coverage="50% (1/2)">
							<conditions>
								<condition number="0" type="jump" coverage="50%"/>
							</conditions>
						</line>
						<line number="1107" hits="0" branch="false"/>
						<line number="1108" hits="0" branch="false"/>
						<line number="1110" hits="18" branch="false"/>
						<line number="1111" hits="18" branch="false"/>
						<line number="1113" hits="18" branch="false"/>
						<line number="1128" hits="146" branch="false"/>
						<line number="1129" hits="146" branch="true" condition-coverage="50% (1/2)">
							<conditions>
								<condition number="0" type="jump" coverage="50%"/>
							</conditions>
						</line>
						<line number="1130" hits="0" branch="false"/>
						<line number="1131" hits="146" branch="true" condition-coverage="50% (1/2)">
							<conditions>
								<condition number="0" type="jump" coverage="50%"/>
							</conditions>
						</line>
						<line number="1132" hits="0" branch="false"/>
						<line number="1134" hits="146" branch="false"/>
						<line number="1136" hits="146" branch="false"/>
						<line number="1141" hits="62" branch="false"/>
					</lines>
				</class>
				<class name="org.apache.commons.math3.fraction.Fraction" filename="org/apache/commons/math3/fraction/Fraction.java" line-rate="0.6647058823529411" branch-rate="0.5425531914893617" complexity="3.161290322580645">
					<methods>
						<method name="&lt;clinit&gt;" signature="()V" line-rate="1.0" branch-rate="1.0">
							<lines>
								<line number="42" hits="1" branch="false"/>
								<line number="45" hits="1" branch="false"/>
								<line number="48" hits="1" branch="false"/>
								<line number="51" hits="1" branch="false"/>
								<line number="54" hits="1" branch="false"/>
								<line number="57" hits="1" branch="false"/>
								<line number="60" hits="1" branch="false"/>
								<line number="63" hits="1" branch="false"/>
								<line number="66" hits="1" branch="false"/>
								<line number="69" hits="1" branch="false"/>
								<line number="72" hits="1" branch="false"/>
								<line number="75" hits="1" branch="false"/>
								<line number="78" hits="1" branch="false"/>
								<line number="81" hits="1" branch="false"/>
							</lines>
						</method>
						<method name="&lt;init&gt;" signature="(D)V" line-rate="0.0" branch-rate="1.0">
							<lines>
								<line number="102" hits="0" branch="false"/>
								<line number="103" hits="0" branch="false"/>
							</lines>
						</method>
						<method name="&lt;init&gt;" signature="(DDI)V" line-rate="1.0" branch-rate="1.0">
							<lines>
								<line number="124" hits="42" branch="false"/>
								<line number="125" hits="42" branch="false"/>
							</lines>
						</method>
						<method name="&lt;init&gt;" signature="(DDII)V" line-rate="0.20930232558139536" branch-rate="0.1">
							<lines>
								<line number="180" hits="42" branch="false"/>
								<line number="181" hits="42" branch="false"/>
								<line number="182" hits="42" branch="false"/>
								<line number="183" hits="42" branch="false"/>
								<line number="184" hits="42" branch="true" condition-coverage="50% (1/2)">
									<conditions>
										<condition number="0" type="jump" coverage="50%"/>
									</conditions>
								</line>
								<line number="185" hits="0" branch="false"/>
								<line number="189" hits="42" branch="true" condition-coverage="50% (1/2)">
									<conditions>
										<condition number="0" type="jump" coverage="50%"/>
									</conditions>
								</line>
								<line number="190" hits="42" branch="false"/>
								<line number="191" hits="42" branch="false"/>
								<line number="192" hits="42" branch="false"/>
								<line number="195" hits="0" branch="false"/>
								<line number="196" hits="0" branch="false"/>
								<line number="197" hits="0" branch="false"/>
								<line number="198" hits="0" branch="false"/>
								<line number="200" hits="0" branch="false"/>
								<line number="201" hits="0" branch="false"/>
								<line number="203" hits="0" branch="false"/>
								<line number="204" hits="0" branch="false"/>
								<line number="206" hits="0" branch="false"/>
								<line number="207" hits="0" branch="false"/>
								<line number="208" hits="0" branch="false"/>
								<line number="209" hits="0" branch="false"/>
								<line number="210" hits="0" branch="false"/>
								<line number="212" hits="0" branch="true" condition-coverage="0% (0/4)">
									<conditions>
										<condition number="0" type="jump" coverage="0%"/>
										<condition number="1" type="jump" coverage="0%"/>
									</conditions>
								</line>
								<line number="215" hits="0" branch="false"/>
								<line number="218" hits="0" branch="false"/>
								<line number="219" hits="0" branch="true" condition-coverage="0% (0/6)">
									<conditions>
										<condition number="0" type="jump" coverage="0%"/>
										<condition number="1" type="jump" coverage="0%"/>
										<condition number="2" type="jump" coverage="0%"/>
									</conditions>
								</line>
								<line number="220" hits="0" branch="false"/>
								<line number="221" hits="0" branch="false"/>
								<line number="222" hits="0" branch="false"/>
								<line number="223" hits="0" branch="false"/>
								<line number="224" hits="0" branch="false"/>
								<line number="225" hits="0" branch="false"/>
								<line number="227" hits="0" branch="false"/>
								<line number="229" hits="0" branch="true" condition-coverage="0% (0/2)">
									<conditions>
										<condition number="0" type="jump" coverage="0%"/>
									</conditions>
								</line>
								<line number="231" hits="0" branch="true" condition-coverage="0% (0/2)">
									<conditions>
										<condition number="0" type="jump" coverage="0%"/>
									</conditions>
								</line>
								<line number="232" hits="0" branch="false"/>
								<line number="235" hits="0" branch="true" condition-coverage="0% (0/2)">
									<conditions>
										<condition number="0" type="jump" coverage="0%"/>
									</conditions>
								</line>
								<line number="236" hits="0" branch="false"/>
								<line number="237" hits="0" branch="false"/>
								<line number="239" hits="0" branch="false"/>
								<line number="240" hits="0" branch="false"/>
								<line number="243" hits="0" branch="false"/>
							</lines>
						</method>
						<method name="&lt;init&gt;" signature="(DI)V" line-rate="0.0" branch-rate="1.0">
							<lines>
								<line number="144" hits="0" branch="false"/>
								<line number="145" hits="0" branch="false"/>
							</lines>
						</method>
						<method name="&lt;init&gt;" signature="(I)V" line-rate="1.0" branch-rate="1.0">
							<lines>
								<line number="251" hits="50" branch="false"/>
								<line number="252" hits="50" branch="false"/>
							</lines>
						</method>
						<method name="&lt;init&gt;" signature="(II)V" line-rate="0.7777777777777778" branch-rate="0.6666666666666666">
							<lines>
								<line number="261" hits="1950" branch="false"/>
								<line number="262" hits="1950" branch="true" condition-coverage="50% (1/2)">
									<conditions>
										<condition number="0" type="jump" coverage="50%"/>
									</conditions>
								</line>
								<line number="263" hits="0" branch="false"/>
								<line number="266" hits="1950" branch="true" condition-coverage="100% (2/2)">
									<conditions>
										<condition number="0" type="jump" coverage="100%"/>
									</conditions>
								</line>
								<line number="267" hits="6" branch="true" condition-coverage="50% (2/4)">
									<conditions>
										<condition number="0" type="jump" coverage="50%"/>
										<condition number="1" type="jump" coverage="50%"/>
									</conditions>
								</line>
								<line number="269" hits="0" branch="false"/>
								<line number="272" hits="6" branch="false"/>
								<line number="273" hits="6" branch="false"/>
								<line number="276" hits="1950" branch="false"/>
								<line number="277" hits="1950" branch="true" condition-coverage="100% (2/2)">
									<conditions>
										<condition number="0" type="jump" coverage="100%"/>
									</conditions>
								</line>
								<line number="278" hits="9" branch="false"/>
								<line number="279" hits="9" branch="false"/>
								<line number="283" hits="1950" branch="true" condition-coverage="50% (1/2)">
									<conditions>
										<condition number="0" type="jump" coverage="50%"/>
									</conditions>
								</line>
								<line number="284" hits="0" branch="false"/>
								<line number="285" hits="0" branch="false"/>
								<line number="287" hits="1950" branch="false"/>
								<line number="288" hits="1950" branch="false"/>
								<line number="289" hits="1950" branch="false"/>
							</lines>
						</method>
						<method name="abs" signature="()Lorg/apache/commons/math3/fraction/Fraction;" line-rate="1.0" branch-rate="1.0">
							<lines>
								<line number="297" hits="30" branch="true" condition-coverage="100% (2/2)">
									<conditions>
										<condition number="0" type="jump" coverage="100%"/>
									</conditions>
								</line>
								<line number="298" hits="26" branch="false"/>
								<line number="300" hits="4" branch="false"/>
								<line number="302" hits="30" branch="false"/>
							</lines>
						</method>
						<method name="add" signature="(I)Lorg/apache/commons/math3/fraction/Fraction;" line-rate="1.0" branch-rate="1.0">
							<lines>
								<line number="445" hits="58" branch="false"/>
							</lines>
						</method>
						<method name="add" signature="(Ljava/lang/Object;)Ljava/lang/Object;" line-rate="1.0" branch-rate="1.0">
							<lines>
							</lines>
						</method>
						<method name="add" signature="(Lorg/apache/commons/math3/fraction/Fraction;)Lorg/apache/commons/math3/fraction/Fraction;" line-rate="1.0" branch-rate="1.0">
							<lines>
								<line number="436" hits="56" branch="false"/>
							</lines>
						</method>
						<method name="addSub" signature="(Lorg/apache/commons/math3/fraction/Fraction;Z)Lorg/apache/commons/math3/fraction/Fraction;" line-rate="1.0" branch-rate="0.8888888888888888">
							<lines>
								<line number="482" hits="240" branch="true" condition-coverage="100% (2/2)">
									<conditions>
										<condition number="0" type="jump" coverage="100%"/>
									</conditions>
								</line>
								<line number="483" hits="2" branch="false"/>
								<line number="486" hits="238" branch="true" condition-coverage="100% (2/2)">
									<conditions>
										<condition number="0" type="jump" coverage="100%"/>
									</conditions>
								</line>
								<line number="487" hits="122" branch="true" condition-coverage="50% (1/2)">
									<conditions>
										<condition number="0" type="jump" coverage="50%"/>
									</conditions>
								</line>
								<line number="489" hits="116" branch="true" condition-coverage="100% (2/2)">
									<conditions>
										<condition number="0" type="jump" coverage="100%"/>
									</conditions>
								</line>
								<line number="490" hits="32" branch="false"/>
								<line number="494" hits="84" branch="false"/>
								<line number="495" hits="84" branch="true" condition-coverage="100% (2/2)">
									<conditions>
										<condition number="0" type="jump" coverage="100%"/>
									</conditions>
								</line>
								<line number="497" hits="72" branch="false"/>
								<line number="498" hits="72" branch="false"/>
								<line number="499" hits="72" branch="true" condition-coverage="100% (2/2)">
									<conditions>
										<condition number="0" type="jump" coverage="100%"/>
									</conditions>
								</line>
								<line number="507" hits="12" branch="false"/>
								<line number="509" hits="12" branch="false"/>
								<line number="511" hits="12" branch="true" condition-coverage="50% (1/2)">
									<conditions>
										<condition number="0" type="jump" coverage="50%"/>
									</conditions>
								</line>
								<line number="514" hits="12" branch="false"/>
								<line number="515" hits="12" branch="true" condition-coverage="100% (2/2)">
									<conditions>
										<condition number="0" type="jump" coverage="100%"/>
									</conditions>
								</line>
								<line number="518" hits="12" branch="false"/>
								<line number="519" hits="12" branch="true" condition-coverage="100% (2/2)">
									<conditions>
										<condition number="0" type="jump" coverage="100%"/>
									</conditions>
								</line>
								<line number="520" hits="2" branch="false"/>
								<line number="523" hits="10" branch="false"/>
							</lines>
						</method>
						<method name="compareTo" signature="(Ljava/lang/Object;)I" line-rate="0.0" branch-rate="1.0">
							<lines>
								<line number="37" hits="0" branch="false"/>
							</lines>
						</method>
						<method name="compareTo" signature="(Lorg/apache/commons/math3/fraction/Fraction;)I" line-rate="1.0" branch-rate="1.0">
							<lines>
								<line number="312" hits="90" branch="false"/>
								<line number="313" hits="90" branch="false"/>
								<line number="314" hits="90" branch="true" condition-coverage="100% (4/4)">
									<conditions>
										<condition number="0" type="jump" coverage="100%"/>
										<condition number="1" type="jump" coverage="100%"/>
									</conditions>
								</line>
							</lines>
						</method>
						<method name="divide" signature="(I)Lorg/apache/commons/math3/fraction/Fraction;" line-rate="1.0" branch-rate="1.0">
							<lines>
								<line number="590" hits="26" branch="false"/>
							</lines>
						</method>
						<method name="divide" signature="(Ljava/lang/Object;)Ljava/lang/Object;" line-rate="1.0" branch-rate="1.0">
							<lines>
							</lines>
						</method>
						<method name="divide" signature="(Lorg/apache/commons/math3/fraction/Fraction;)Lorg/apache/commons/math3/fraction/Fraction;" line-rate="0.8" branch-rate="0.75">
							<lines>
								<line number="574" hits="592" branch="true" condition-coverage="50% (1/2)">
									<conditions>
										<condition number="0" type="jump" coverage="50%"/>
									</conditions>
								</line>
								<line number="575" hits="0" branch="false"/>
								<line number="577" hits="592" branch="true" condition-coverage="100% (2/2)">
									<conditions>
										<condition number="0" type="jump" coverage="100%"/>
									</conditions>
								</line>
								<line number="578" hits="2" branch="false"/>
								<line number="581" hits="590" branch="false"/>
							</lines>
						</method>
						<method name="doubleValue" signature="()D" line-rate="1.0" branch-rate="1.0">
							<lines>
								<line number="324" hits="132" branch="false"/>
							</lines>
						</method>
						<method name="equals" signature="(Ljava/lang/Object;)Z" line-rate="0.5" branch-rate="0.25">
							<lines>
								<line number="338" hits="20" branch="true" condition-coverage="50% (1/2)">
									<conditions>
										<condition number="0" type="jump" coverage="50%"/>
									</conditions>
								</line>
								<line number="339" hits="0" branch="false"/>
								<line number="341" hits="20" branch="true" condition-coverage="50% (1/2)">
									<conditions>
										<condition number="0" type="jump" coverage="50%"/>
									</conditions>
								</line>
								<line number="344" hits="0" branch="false"/>
								<line number="345" hits="0" branch="true" condition-coverage="0% (0/4)">
									<conditions>
										<condition number="0" type="jump" coverage="0%"/>
										<condition number="1" type="jump" coverage="0%"/>
									</conditions>
								</line>
								<line number="348" hits="20" branch="false"/>
							</lines>
						</method>
						<method name="floatValue" signature="()F" line-rate="1.0" branch-rate="1.0">
							<lines>
								<line number="358" hits="4" branch="false"/>
							</lines>
						</method>
						<method name="getDenominator" signature="()I" line-rate="1.0" branch-rate="1.0">
							<lines>
								<line number="366" hits="32" branch="false"/>
							</lines>
						</method>
						<method name="getField" signature="()Lorg/apache/commons/math3/Field;" line-rate="1.0" branch-rate="1.0">
							<lines>
							</lines>
						</method>
						<method name="getField" signature="()Lorg/apache/commons/math3/fraction/FractionField;" line-rate="1.0" branch-rate="1.0">
							<lines>
								<line number="668" hits="626" branch="false"/>
							</lines>
						</method>
						<method name="getNumerator" signature="()I" line-rate="1.0" branch-rate="1.0">
							<lines>
								<line number="374" hits="38" branch="false"/>
							</lines>
						</method>
						<method name="getReducedFraction" signature="(II)Lorg/apache/commons/math3/fraction/Fraction;" line-rate="0.6" branch-rate="0.35714285714285715">
							<lines>
								<line number="617" hits="738" branch="true" condition-coverage="50% (1/2)">
									<conditions>
										<condition number="0" type="jump" coverage="50%"/>
									</conditions>
								</line>
								<line number="618" hits="0" branch="false"/>
								<line number="621" hits="738" branch="true" condition-coverage="100% (2/2)">
									<conditions>
										<condition number="0" type="jump" coverage="100%"/>
									</conditions>
								</line>
								<line number="622" hits="2" branch="false"/>
								<line number="625" hits="736" branch="true" condition-coverage="25% (1/4)">
									<conditions>
										<condition number="0" type="jump" coverage="50%"/>
										<condition number="1" type="jump" coverage="0%"/>
									</conditions>
								</line>
								<line number="626" hits="0" branch="false"/>
								<line number="628" hits="736" branch="true" condition-coverage="50% (1/2)">
									<conditions>
										<condition number="0" type="jump" coverage="50%"/>
									</conditions>
								</line>
								<line number="629" hits="0" branch="true" condition-coverage="0% (0/4)">
									<conditions>
										<condition number="0" type="jump" coverage="0%"/>
										<condition number="1" type="jump" coverage="0%"/>
									</conditions>
								</line>
								<line number="631" hits="0" branch="false"/>
								<line number="634" hits="0" branch="false"/>
								<line number="635" hits="0" branch="false"/>
								<line number="638" hits="736" branch="false"/>
								<line number="639" hits="736" branch="false"/>
								<line number="640" hits="736" branch="false"/>
								<line number="641" hits="736" branch="false"/>
							</lines>
						</method>
						<method name="hashCode" signature="()I" line-rate="0.0" branch-rate="1.0">
							<lines>
								<line number="383" hits="0" branch="false"/>
							</lines>
						</method>
						<method name="intValue" signature="()I" line-rate="1.0" branch-rate="1.0">
							<lines>
								<line number="393" hits="64" branch="false"/>
							</lines>
						</method>
						<method name="longValue" signature="()J" line-rate="1.0" branch-rate="1.0">
							<lines>
								<line number="403" hits="20" branch="false"/>
							</lines>
						</method>
						<method name="multiply" signature="(I)Ljava/lang/Object;" line-rate="1.0" branch-rate="1.0">
							<lines>
							</lines>
						</method>
						<method name="multiply" signature="(I)Lorg/apache/commons/math3/fraction/Fraction;" line-rate="1.0" branch-rate="1.0">
							<lines>
								<line number="560" hits="48" branch="false"/>
							</lines>
						</method>
						<method name="multiply" signature="(Ljava/lang/Object;)Ljava/lang/Object;" line-rate="1.0" branch-rate="1.0">
							<lines>
							</lines>
						</method>
						<method name="multiply" signature="(Lorg/apache/commons/math3/fraction/Fraction;)Lorg/apache/commons/math3/fraction/Fraction;" line-rate="0.8571428571428571" branch-rate="0.8333333333333334">
							<lines>
								<line number="539" hits="756" branch="true" condition-coverage="50% (1/2)">
									<conditions>
										<condition number="0" type="jump" coverage="50%"/>
									</conditions>
								</line>
								<line number="540" hits="0" branch="false"/>
								<line number="542" hits="756" branch="true" condition-coverage="100% (4/4)">
									<conditions>
										<condition number="0" type="jump" coverage="100%"/>
										<condition number="1" type="jump" coverage="100%"/>
									</conditions>
								</line>
								<line number="543" hits="26" branch="false"/>
								<line number="547" hits="730" branch="false"/>
								<line number="548" hits="730" branch="false"/>
								<line number="549" hits="730" branch="false"/>
							</lines>
						</method>
						<method name="negate" signature="()Ljava/lang/Object;" line-rate="1.0" branch-rate="1.0">
							<lines>
							</lines>
						</method>
						<method name="negate" signature="()Lorg/apache/commons/math3/fraction/Fraction;" line-rate="0.6666666666666666" branch-rate="0.5">
							<lines>
								<line number="411" hits="198" branch="true" condition-coverage="50% (1/2)">
									<conditions>
										<condition number="0" type="jump" coverage="50%"/>
									</conditions>
								</line>
								<line number="412" hits="0" branch="false"/>
								<line number="414" hits="198" branch="false"/>
							</lines>
						</method>
						<method name="percentageValue" signature="()D" line-rate="1.0" branch-rate="1.0">
							<lines>
								<line number="602" hits="14" branch="false"/>
							</lines>
						</method>
						<method name="reciprocal" signature="()Ljava/lang/Object;" line-rate="1.0" branch-rate="1.0">
							<lines>
							</lines>
						</method>
						<method name="reciprocal" signature="()Lorg/apache/commons/math3/fraction/Fraction;" line-rate="1.0" branch-rate="1.0">
							<lines>
								<line number="422" hits="698" branch="false"/>
							</lines>
						</method>
						<method name="subtract" signature="(I)Lorg/apache/commons/math3/fraction/Fraction;" line-rate="1.0" branch-rate="1.0">
							<lines>
								<line number="468" hits="38" branch="false"/>
							</lines>
						</method>
						<method name="subtract" signature="(Ljava/lang/Object;)Ljava/lang/Object;" line-rate="1.0" branch-rate="1.0">
							<lines>
							</lines>
						</method>
						<method name="subtract" signature="(Lorg/apache/commons/math3/fraction/Fraction;)Lorg/apache/commons/math3/fraction/Fraction;" line-rate="1.0" branch-rate="1.0">
							<lines>
								<line number="459" hits="184" branch="false"/>
							</lines>
						</method>
						<method name="toString" signature="()Ljava/lang/String;" line-rate="0.8571428571428571" branch-rate="0.75">
							<lines>
								<line number="655" hits="30" branch="false"/>
								<line number="656" hits="30" branch="true" condition-coverage="100% (2/2)">
									<conditions>
										<condition number="0" type="jump" coverage="100%"/>
									</conditions>
								</line>
								<line number="657" hits="14" branch="false"/>
								<line number="658" hits="16" branch="true" condition-coverage="50% (1/2)">
									<conditions>
										<condition number="0" type="jump" coverage="50%"/>
									</conditions>
								</line>
								<line number="659" hits="0" branch="false"/>
								<line number="661" hits="16" branch="false"/>
								<line number="663" hits="30" branch="false"/>
							</lines>
						</method>
					</methods>
					<lines>
						<line number="37" hits="0" branch="false"/>
						<line number="42" hits="1" branch="false"/>
						<line number="45" hits="1" branch="false"/>
						<line number="48" hits="1" branch="false"/>
						<line number="51" hits="1" branch="false"/>
						<line number="54" hits="1" branch="false"/>
						<line number="57" hits="1" branch="false"/>
						<line number="60" hits="1" branch="false"/>
						<line number="63" hits="1" branch="false"/>
						<line number="66" hits="1" branch="false"/>
						<line number="69" hits="1" branch="false"/>
						<line number="72" hits="1" branch="false"/>
						<line number="75" hits="1" branch="false"/>
						<line number="78" hits="1" branch="false"/>
						<line number="81" hits="1" branch="false"/>
						<line number="102" hits="0" branch="false"/>
						<line number="103" hits="0" branch="false"/>
						<line number="124" hits="42" branch="false"/>
						<line number="125" hits="42" branch="false"/>
						<line number="144" hits="0" branch="false"/>
						<line number="145" hits="0" branch="false"/>
						<line number="180" hits="42" branch="false"/>
						<line number="181" hits="42" branch="false"/>
						<line number="182" hits="42" branch="false"/>
						<line number="183" hits="42" branch="false"/>
						<line number="184" hits="42" branch="true" condition-coverage="50% (1/2)">
							<conditions>
								<condition number="0" type="jump" coverage="50%"/>
							</conditions>
						</line>
						<line number="185" hits="0" branch="false"/>
						<line number="189" hits="42" branch="true" condition-coverage="50% (1/2)">
							<conditions>
								<condition number="0" type="jump" coverage="50%"/>
							</conditions>
						</line>
						<line number="190" hits="42" branch="false"/>
						<line number="191" hits="42" branch="false"/>
						<line number="192" hits="42" branch="false"/>
						<line number="195" hits="0" branch="false"/>
						<line number="196" hits="0" branch="false"/>
						<line number="197" hits="0" branch="false"/>
						<line number="198" hits="0" branch="false"/>
						<line number="200" hits="0" branch="false"/>
						<line number="201" hits="0" branch="false"/>
						<line number="203" hits="0" branch="false"/>
						<line number="204" hits="0" branch="false"/>
						<line number="206" hits="0" branch="false"/>
						<line number="207" hits="0" branch="false"/>
						<line number="208" hits="0" branch="false"/>
						<line number="209" hits="0" branch="false"/>
						<line number="210" hits="0" branch="false"/>
						<line number="212" hits="0" branch="true" condition-coverage="0% (0/4)">
							<conditions>
								<condition number="0" type="jump" coverage="0%"/>
								<condition number="1" type="jump" coverage="0%"/>
							</conditions>
						</line>
						<line number="215" hits="0" branch="false"/>
						<line number="218" hits="0" branch="false"/>
						<line number="219" hits="0" branch="true" condition-coverage="0% (0/6)">
							<conditions>
								<condition number="0" type="jump" coverage="0%"/>
								<condition number="1" type="jump" coverage="0%"/>
								<condition number="2" type="jump" coverage="0%"/>
							</conditions>
						</line>
						<line number="220" hits="0" branch="false"/>
						<line number="221" hits="0" branch="false"/>
						<line number="222" hits="0" branch="false"/>
						<line number="223" hits="0" branch="false"/>
						<line number="224" hits="0" branch="false"/>
						<line number="225" hits="0" branch="false"/>
						<line number="227" hits="0" branch="false"/>
						<line number="229" hits="0" branch="true" condition-coverage="0% (0/2)">
							<conditions>
								<condition number="0" type="jump" coverage="0%"/>
							</conditions>
						</line>
						<line number="231" hits="0" branch="true" condition-coverage="0% (0/2)">
							<conditions>
								<condition number="0" type="jump" coverage="0%"/>
							</conditions>
						</line>
						<line number="232" hits="0" branch="false"/>
						<line number="235" hits="0" branch="true" condition-coverage="0% (0/2)">
							<conditions>
								<condition number="0" type="jump" coverage="0%"/>
							</conditions>
						</line>
						<line number="236" hits="0" branch="false"/>
						<line number="237" hits="0" branch="false"/>
						<line number="239" hits="0" branch="false"/>
						<line number="240" hits="0" branch="false"/>
						<line number="243" hits="0" branch="false"/>
						<line number="251" hits="50" branch="false"/>
						<line number="252" hits="50" branch="false"/>
						<line number="261" hits="1950" branch="false"/>
						<line number="262" hits="1950" branch="true" condition-coverage="50% (1/2)">
							<conditions>
								<condition number="0" type="jump" coverage="50%"/>
							</conditions>
						</line>
						<line number="263" hits="0" branch="false"/>
						<line number="266" hits="1950" branch="true" condition-coverage="100% (2/2)">
							<conditions>
								<condition number="0" type="jump" coverage="100%"/>
							</conditions>
						</line>
						<line number="267" hits="6" branch="true" condition-coverage="50% (2/4)">
							<conditions>
								<condition number="0" type="jump" coverage="50%"/>
								<condition number="1" type="jump" coverage="50%"/>
							</conditions>
						</line>
						<line number="269" hits="0" branch="false"/>
						<line number="272" hits="6" branch="false"/>
						<line number="273" hits="6" branch="false"/>
						<line number="276" hits="1950" branch="false"/>
						<line number="277" hits="1950" branch="true" condition-coverage="100% (2/2)">
							<conditions>
								<condition number="0" type="jump" coverage="100%"/>
							</conditions>
						</line>
						<line number="278" hits="9" branch="false"/>
						<line number="279" hits="9" branch="false"/>
						<line number="283" hits="1950" branch="true" condition-coverage="50% (1/2)">
							<conditions>
								<condition number="0" type="jump" coverage="50%"/>
							</conditions>
						</line>
						<line number="284" hits="0" branch="false"/>
						<line number="285" hits="0" branch="false"/>
						<line number="287" hits="1950" branch="false"/>
						<line number="288" hits="1950" branch="false"/>
						<line number="289" hits="1950" branch="false"/>
						<line number="297" hits="30" branch="true" condition-coverage="100% (2/2)">
							<conditions>
								<condition number="0" type="jump" coverage="100%"/>
							</conditions>
						</line>
						<line number="298" hits="26" branch="false"/>
						<line number="300" hits="4" branch="false"/>
						<line number="302" hits="30" branch="false"/>
						<line number="312" hits="90" branch="false"/>
						<line number="313" hits="90" branch="false"/>
						<line number="314" hits="90" branch="true" condition-coverage="100% (4/4)">
							<conditions>
								<condition number="0" type="jump" coverage="100%"/>
								<condition number="1" type="jump" coverage="100%"/>
							</conditions>
						</line>
						<line number="324" hits="132" branch="false"/>
						<line number="338" hits="20" branch="true" condition-coverage="50% (1/2)">
							<conditions>
								<condition number="0" type="jump" coverage="50%"/>
							</conditions>
						</line>
						<line number="339" hits="0" branch="false"/>
						<line number="341" hits="20" branch="true" condition-coverage="50% (1/2)">
							<conditions>
								<condition number="0" type="jump" coverage="50%"/>
							</conditions>
						</line>
						<line number="344" hits="0" branch="false"/>
						<line number="345" hits="0" branch="true" condition-coverage="0% (0/4)">
							<conditions>
								<condition number="0" type="jump" coverage="0%"/>
								<condition number="1" type="jump" coverage="0%"/>
							</conditions>
						</line>
						<line number="348" hits="20" branch="false"/>
						<line number="358" hits="4" branch="false"/>
						<line number="366" hits="32" branch="false"/>
						<line number="374" hits="38" branch="false"/>
						<line number="383" hits="0" branch="false"/>
						<line number="393" hits="64" branch="false"/>
						<line number="403" hits="20" branch="false"/>
						<line number="411" hits="198" branch="true" condition-coverage="50% (1/2)">
							<conditions>
								<condition number="0" type="jump" coverage="50%"/>
							</conditions>
						</line>
						<line number="412" hits="0" branch="false"/>
						<line number="414" hits="198" branch="false"/>
						<line number="422" hits="698" branch="false"/>
						<line number="436" hits="56" branch="false"/>
						<line number="445" hits="58" branch="false"/>
						<line number="459" hits="184" branch="false"/>
						<line number="468" hits="38" branch="false"/>
						<line number="482" hits="240" branch="true" condition-coverage="100% (2/2)">
							<conditions>
								<condition number="0" type="jump" coverage="100%"/>
							</conditions>
						</line>
						<line number="483" hits="2" branch="false"/>
						<line number="486" hits="238" branch="true" condition-coverage="100% (2/2)">
							<conditions>
								<condition number="0" type="jump" coverage="100%"/>
							</conditions>
						</line>
						<line number="487" hits="122" branch="true" condition-coverage="50% (1/2)">
							<conditions>
								<condition number="0" type="jump" coverage="50%"/>
							</conditions>
						</line>
						<line number="489" hits="116" branch="true" condition-coverage="100% (2/2)">
							<conditions>
								<condition number="0" type="jump" coverage="100%"/>
							</conditions>
						</line>
						<line number="490" hits="32" branch="false"/>
						<line number="494" hits="84" branch="false"/>
						<line number="495" hits="84" branch="true" condition-coverage="100% (2/2)">
							<conditions>
								<condition number="0" type="jump" coverage="100%"/>
							</conditions>
						</line>
						<line number="497" hits="72" branch="false"/>
						<line number="498" hits="72" branch="false"/>
						<line number="499" hits="72" branch="true" condition-coverage="100% (2/2)">
							<conditions>
								<condition number="0" type="jump" coverage="100%"/>
							</conditions>
						</line>
						<line number="507" hits="12" branch="false"/>
						<line number="509" hits="12" branch="false"/>
						<line number="511" hits="12" branch="true" condition-coverage="50% (1/2)">
							<conditions>
								<condition number="0" type="jump" coverage="50%"/>
							</conditions>
						</line>
						<line number="514" hits="12" branch="false"/>
						<line number="515" hits="12" branch="true" condition-coverage="100% (2/2)">
							<conditions>
								<condition number="0" type="jump" coverage="100%"/>
							</conditions>
						</line>
						<line number="518" hits="12" branch="false"/>
						<line number="519" hits="12" branch="true" condition-coverage="100% (2/2)">
							<conditions>
								<condition number="0" type="jump" coverage="100%"/>
							</conditions>
						</line>
						<line number="520" hits="2" branch="false"/>
						<line number="523" hits="10" branch="false"/>
						<line number="539" hits="756" branch="true" condition-coverage="50% (1/2)">
							<conditions>
								<condition number="0" type="jump" coverage="50%"/>
							</conditions>
						</line>
						<line number="540" hits="0" branch="false"/>
						<line number="542" hits="756" branch="true" condition-coverage="100% (4/4)">
							<conditions>
								<condition number="0" type="jump" coverage="100%"/>
								<condition number="1" type="jump" coverage="100%"/>
							</conditions>
						</line>
						<line number="543" hits="26" branch="false"/>
						<line number="547" hits="730" branch="false"/>
						<line number="548" hits="730" branch="false"/>
						<line number="549" hits="730" branch="false"/>
						<line number="560" hits="48" branch="false"/>
						<line number="574" hits="592" branch="true" condition-coverage="50% (1/2)">
							<conditions>
								<condition number="0" type="jump" coverage="50%"/>
							</conditions>
						</line>
						<line number="575" hits="0" branch="false"/>
						<line number="577" hits="592" branch="true" condition-coverage="100% (2/2)">
							<conditions>
								<condition number="0" type="jump" coverage="100%"/>
							</conditions>
						</line>
						<line number="578" hits="2" branch="false"/>
						<line number="581" hits="590" branch="false"/>
						<line number="590" hits="26" branch="false"/>
						<line number="602" hits="14" branch="false"/>
						<line number="617" hits="738" branch="true" condition-coverage="50% (1/2)">
							<conditions>
								<condition number="0" type="jump" coverage="50%"/>
							</conditions>
						</line>
						<line number="618" hits="0" branch="false"/>
						<line number="621" hits="738" branch="true" condition-coverage="100% (2/2)">
							<conditions>
								<condition number="0" type="jump" coverage="100%"/>
							</conditions>
						</line>
						<line number="622" hits="2" branch="false"/>
						<line number="625" hits="736" branch="true" condition-coverage="25% (1/4)">
							<conditions>
								<condition number="0" type="jump" coverage="50%"/>
								<condition number="1" type="jump" coverage="0%"/>
							</conditions>
						</line>
						<line number="626" hits="0" branch="false"/>
						<line number="628" hits="736" branch="true" condition-coverage="50% (1/2)">
							<conditions>
								<condition number="0" type="jump" coverage="50%"/>
							</conditions>
						</line>
						<line number="629" hits="0" branch="true" condition-coverage="0% (0/4)">
							<conditions>
								<condition number="0" type="jump" coverage="0%"/>
								<condition number="1" type="jump" coverage="0%"/>
							</conditions>
						</line>
						<line number="631" hits="0" branch="false"/>
						<line number="634" hits="0" branch="false"/>
						<line number="635" hits="0" branch="false"/>
						<line number="638" hits="736" branch="false"/>
						<line number="639" hits="736" branch="false"/>
						<line number="640" hits="736" branch="false"/>
						<line number="641" hits="736" branch="false"/>
						<line number="655" hits="30" branch="false"/>
						<line number="656" hits="30" branch="true" condition-coverage="100% (2/2)">
							<conditions>
								<condition number="0" type="jump" coverage="100%"/>
							</conditions>
						</line>
						<line number="657" hits="14" branch="false"/>
						<line number="658" hits="16" branch="true" condition-coverage="50% (1/2)">
							<conditions>
								<condition number="0" type="jump" coverage="50%"/>
							</conditions>
						</line>
						<line number="659" hits="0" branch="false"/>
						<line number="661" hits="16" branch="false"/>
						<line number="663" hits="30" branch="false"/>
						<line number="668" hits="626" branch="false"/>
					</lines>
				</class>
			</classes>
		</package>
	</packages>
</coverage>
