<?xml version="1.0"?>
<!DOCTYPE coverage SYSTEM "http://cobertura.sourceforge.net/xml/coverage-04.dtd">

<coverage line-rate="0.725" branch-rate="0.5416666666666666" lines-covered="290" lines-valid="400" branches-covered="104" branches-valid="192" complexity="2.623529411764706" version="2.0.3" timestamp="1653670713392">
	<sources>
		<source>src/main/java</source>
	</sources>
	<packages>
		<package name="org.apache.commons.math3.fraction" line-rate="0.725" branch-rate="0.5416666666666666" complexity="2.623529411764706">
			<classes>
				<class name="org.apache.commons.math3.fraction.BigFraction" filename="org/apache/commons/math3/fraction/BigFraction.java" line-rate="0.6956521739130435" branch-rate="0.5306122448979592" complexity="2.314814814814815">
					<methods>
						<method name="&lt;clinit&gt;" signature="()V" line-rate="1.0" branch-rate="1.0">
							<lines>
								<line number="45" hits="1" branch="false"/>
								<line number="48" hits="1" branch="false"/>
								<line number="51" hits="1" branch="false"/>
								<line number="54" hits="1" branch="false"/>
								<line number="57" hits="1" branch="false"/>
								<line number="60" hits="1" branch="false"/>
								<line number="63" hits="1" branch="false"/>
								<line number="66" hits="1" branch="false"/>
								<line number="69" hits="1" branch="false"/>
								<line number="72" hits="1" branch="false"/>
								<line number="75" hits="1" branch="false"/>
								<line number="78" hits="1" branch="false"/>
								<line number="81" hits="1" branch="false"/>
								<line number="84" hits="1" branch="false"/>
								<line number="90" hits="1" branch="false"/>
							</lines>
						</method>
						<method name="&lt;init&gt;" signature="(D)V" line-rate="0.782608695652174" branch-rate="0.5714285714285714">
							<lines>
								<line number="172" hits="2" branch="false"/>
								<line number="173" hits="2" branch="true" condition-coverage="50% (1/2)">
									<conditions>
										<condition number="0" type="jump" coverage="50%"/>
									</conditions>
								</line>
								<line number="174" hits="0" branch="false"/>
								<line number="176" hits="2" branch="true" condition-coverage="50% (1/2)">
									<conditions>
										<condition number="0" type="jump" coverage="50%"/>
									</conditions>
								</line>
								<line number="177" hits="0" branch="false"/>
								<line number="181" hits="2" branch="false"/>
								<line number="182" hits="2" branch="false"/>
								<line number="183" hits="2" branch="false"/>
								<line number="184" hits="2" branch="false"/>
								<line number="185" hits="2" branch="true" condition-coverage="50% (1/2)">
									<conditions>
										<condition number="0" type="jump" coverage="50%"/>
									</conditions>
								</line>
								<line number="187" hits="2" branch="false"/>
								<line number="189" hits="2" branch="true" condition-coverage="50% (1/2)">
									<conditions>
										<condition number="0" type="jump" coverage="50%"/>
									</conditions>
								</line>
								<line number="190" hits="0" branch="false"/>
								<line number="192" hits="2" branch="false"/>
								<line number="193" hits="60" branch="true" condition-coverage="75% (3/4)">
									<conditions>
										<condition number="0" type="jump" coverage="50%"/>
										<condition number="1" type="jump" coverage="100%"/>
									</conditions>
								</line>
								<line number="194" hits="58" branch="false"/>
								<line number="195" hits="58" branch="false"/>
								<line number="198" hits="2" branch="true" condition-coverage="50% (1/2)">
									<conditions>
										<condition number="0" type="jump" coverage="50%"/>
									</conditions>
								</line>
								<line number="199" hits="2" branch="false"/>
								<line number="200" hits="2" branch="false"/>
								<line number="202" hits="0" branch="false"/>
								<line number="203" hits="0" branch="false"/>
								<line number="206" hits="2" branch="false"/>
							</lines>
						</method>
						<method name="&lt;init&gt;" signature="(DDI)V" line-rate="1.0" branch-rate="1.0">
							<lines>
								<line number="232" hits="2" branch="false"/>
								<line number="233" hits="2" branch="false"/>
							</lines>
						</method>
						<method name="&lt;init&gt;" signature="(DDII)V" line-rate="0.20930232558139536" branch-rate="0.1">
							<lines>
								<line number="271" hits="2" branch="false"/>
								<line number="272" hits="2" branch="false"/>
								<line number="273" hits="2" branch="false"/>
								<line number="274" hits="2" branch="false"/>
								<line number="275" hits="2" branch="true" condition-coverage="50% (1/2)">
									<conditions>
										<condition number="0" type="jump" coverage="50%"/>
									</conditions>
								</line>
								<line number="276" hits="0" branch="false"/>
								<line number="281" hits="2" branch="true" condition-coverage="50% (1/2)">
									<conditions>
										<condition number="0" type="jump" coverage="50%"/>
									</conditions>
								</line>
								<line number="282" hits="2" branch="false"/>
								<line number="283" hits="2" branch="false"/>
								<line number="284" hits="2" branch="false"/>
								<line number="287" hits="0" branch="false"/>
								<line number="288" hits="0" branch="false"/>
								<line number="289" hits="0" branch="false"/>
								<line number="290" hits="0" branch="false"/>
								<line number="292" hits="0" branch="false"/>
								<line number="293" hits="0" branch="false"/>
								<line number="295" hits="0" branch="false"/>
								<line number="296" hits="0" branch="false"/>
								<line number="298" hits="0" branch="false"/>
								<line number="299" hits="0" branch="false"/>
								<line number="300" hits="0" branch="false"/>
								<line number="301" hits="0" branch="false"/>
								<line number="302" hits="0" branch="false"/>
								<line number="303" hits="0" branch="true" condition-coverage="0% (0/4)">
									<conditions>
										<condition number="0" type="jump" coverage="0%"/>
										<condition number="1" type="jump" coverage="0%"/>
									</conditions>
								</line>
								<line number="306" hits="0" branch="false"/>
								<line number="309" hits="0" branch="false"/>
								<line number="310" hits="0" branch="true" condition-coverage="0% (0/6)">
									<conditions>
										<condition number="0" type="jump" coverage="0%"/>
										<condition number="1" type="jump" coverage="0%"/>
										<condition number="2" type="jump" coverage="0%"/>
									</conditions>
								</line>
								<line number="313" hits="0" branch="false"/>
								<line number="314" hits="0" branch="false"/>
								<line number="315" hits="0" branch="false"/>
								<line number="316" hits="0" branch="false"/>
								<line number="317" hits="0" branch="false"/>
								<line number="318" hits="0" branch="false"/>
								<line number="320" hits="0" branch="false"/>
								<line number="322" hits="0" branch="true" condition-coverage="0% (0/2)">
									<conditions>
										<condition number="0" type="jump" coverage="0%"/>
									</conditions>
								</line>
								<line number="324" hits="0" branch="true" condition-coverage="0% (0/2)">
									<conditions>
										<condition number="0" type="jump" coverage="0%"/>
									</conditions>
								</line>
								<line number="325" hits="0" branch="false"/>
								<line number="328" hits="0" branch="true" condition-coverage="0% (0/2)">
									<conditions>
										<condition number="0" type="jump" coverage="0%"/>
									</conditions>
								</line>
								<line number="329" hits="0" branch="false"/>
								<line number="330" hits="0" branch="false"/>
								<line number="332" hits="0" branch="false"/>
								<line number="333" hits="0" branch="false"/>
								<line number="335" hits="0" branch="false"/>
							</lines>
						</method>
						<method name="&lt;init&gt;" signature="(DI)V" line-rate="0.0" branch-rate="1.0">
							<lines>
								<line number="356" hits="0" branch="false"/>
								<line number="357" hits="0" branch="false"/>
							</lines>
						</method>
						<method name="&lt;init&gt;" signature="(I)V" line-rate="1.0" branch-rate="1.0">
							<lines>
								<line number="369" hits="100" branch="false"/>
								<line number="370" hits="100" branch="false"/>
							</lines>
						</method>
						<method name="&lt;init&gt;" signature="(II)V" line-rate="1.0" branch-rate="1.0">
							<lines>
								<line number="384" hits="12" branch="false"/>
								<line number="385" hits="12" branch="false"/>
							</lines>
						</method>
						<method name="&lt;init&gt;" signature="(J)V" line-rate="1.0" branch-rate="1.0">
							<lines>
								<line number="396" hits="84" branch="false"/>
								<line number="397" hits="84" branch="false"/>
							</lines>
						</method>
						<method name="&lt;init&gt;" signature="(JJ)V" line-rate="1.0" branch-rate="1.0">
							<lines>
								<line number="411" hits="14" branch="false"/>
								<line number="412" hits="12" branch="false"/>
							</lines>
						</method>
						<method name="&lt;init&gt;" signature="(Ljava/math/BigInteger;)V" line-rate="1.0" branch-rate="1.0">
							<lines>
								<line number="108" hits="6" branch="false"/>
								<line number="109" hits="6" branch="false"/>
							</lines>
						</method>
						<method name="&lt;init&gt;" signature="(Ljava/math/BigInteger;Ljava/math/BigInteger;)V" line-rate="1.0" branch-rate="1.0">
							<lines>
								<line number="120" hits="974" branch="false"/>
								<line number="121" hits="974" branch="false"/>
								<line number="122" hits="974" branch="false"/>
								<line number="123" hits="972" branch="true" condition-coverage="100% (2/2)">
									<conditions>
										<condition number="0" type="jump" coverage="100%"/>
									</conditions>
								</line>
								<line number="124" hits="2" branch="false"/>
								<line number="126" hits="970" branch="true" condition-coverage="100% (2/2)">
									<conditions>
										<condition number="0" type="jump" coverage="100%"/>
									</conditions>
								</line>
								<line number="127" hits="237" branch="false"/>
								<line number="128" hits="237" branch="false"/>
								<line number="132" hits="733" branch="false"/>
								<line number="133" hits="733" branch="true" condition-coverage="100% (2/2)">
									<conditions>
										<condition number="0" type="jump" coverage="100%"/>
									</conditions>
								</line>
								<line number="134" hits="69" branch="false"/>
								<line number="135" hits="69" branch="false"/>
								<line number="139" hits="733" branch="true" condition-coverage="100% (2/2)">
									<conditions>
										<condition number="0" type="jump" coverage="100%"/>
									</conditions>
								</line>
								<line number="140" hits="12" branch="false"/>
								<line number="141" hits="12" branch="false"/>
								<line number="145" hits="733" branch="false"/>
								<line number="146" hits="733" branch="false"/>
								<line number="149" hits="970" branch="false"/>
							</lines>
						</method>
						<method name="abs" signature="()Lorg/apache/commons/math3/fraction/BigFraction;" line-rate="1.0" branch-rate="1.0">
							<lines>
								<line number="450" hits="66" branch="true" condition-coverage="100% (2/2)">
									<conditions>
										<condition number="0" type="jump" coverage="100%"/>
									</conditions>
								</line>
							</lines>
						</method>
						<method name="add" signature="(I)Lorg/apache/commons/math3/fraction/BigFraction;" line-rate="1.0" branch-rate="1.0">
							<lines>
								<line number="481" hits="48" branch="false"/>
							</lines>
						</method>
						<method name="add" signature="(J)Lorg/apache/commons/math3/fraction/BigFraction;" line-rate="0.0" branch-rate="1.0">
							<lines>
								<line number="495" hits="0" branch="false"/>
							</lines>
						</method>
						<method name="add" signature="(Ljava/lang/Object;)Ljava/lang/Object;" line-rate="1.0" branch-rate="1.0">
							<lines>
							</lines>
						</method>
						<method name="add" signature="(Ljava/math/BigInteger;)Lorg/apache/commons/math3/fraction/BigFraction;" line-rate="1.0" branch-rate="1.0">
							<lines>
								<line number="466" hits="70" branch="false"/>
								<line number="467" hits="70" branch="false"/>
							</lines>
						</method>
						<method name="add" signature="(Lorg/apache/commons/math3/fraction/BigFraction;)Lorg/apache/commons/math3/fraction/BigFraction;" line-rate="0.9166666666666666" branch-rate="0.8333333333333334">
							<lines>
								<line number="510" hits="116" branch="true" condition-coverage="100% (2/2)">
									<conditions>
										<condition number="0" type="jump" coverage="100%"/>
									</conditions>
								</line>
								<line number="511" hits="2" branch="false"/>
								<line number="513" hits="114" branch="true" condition-coverage="50% (1/2)">
									<conditions>
										<condition number="0" type="jump" coverage="50%"/>
									</conditions>
								</line>
								<line number="514" hits="0" branch="false"/>
								<line number="517" hits="114" branch="false"/>
								<line number="518" hits="114" branch="false"/>
								<line number="520" hits="114" branch="true" condition-coverage="100% (2/2)">
									<conditions>
										<condition number="0" type="jump" coverage="100%"/>
									</conditions>
								</line>
								<line number="521" hits="30" branch="false"/>
								<line number="522" hits="30" branch="false"/>
								<line number="524" hits="84" branch="false"/>
								<line number="525" hits="84" branch="false"/>
								<line number="527" hits="114" branch="false"/>
							</lines>
						</method>
						<method name="bigDecimalValue" signature="()Ljava/math/BigDecimal;" line-rate="1.0" branch-rate="1.0">
							<lines>
								<line number="544" hits="12" branch="false"/>
							</lines>
						</method>
						<method name="bigDecimalValue" signature="(I)Ljava/math/BigDecimal;" line-rate="1.0" branch-rate="1.0">
							<lines>
								<line number="563" hits="10" branch="false"/>
							</lines>
						</method>
						<method name="bigDecimalValue" signature="(II)Ljava/math/BigDecimal;" line-rate="0.0" branch-rate="1.0">
							<lines>
								<line number="582" hits="0" branch="false"/>
							</lines>
						</method>
						<method name="compareTo" signature="(Ljava/lang/Object;)I" line-rate="0.0" branch-rate="1.0">
							<lines>
								<line number="40" hits="0" branch="false"/>
							</lines>
						</method>
						<method name="compareTo" signature="(Lorg/apache/commons/math3/fraction/BigFraction;)I" line-rate="1.0" branch-rate="1.0">
							<lines>
								<line number="597" hits="22" branch="false"/>
								<line number="598" hits="22" branch="false"/>
								<line number="599" hits="22" branch="false"/>
							</lines>
						</method>
						<method name="divide" signature="(I)Lorg/apache/commons/math3/fraction/BigFraction;" line-rate="1.0" branch-rate="1.0">
							<lines>
								<line number="634" hits="4" branch="false"/>
							</lines>
						</method>
						<method name="divide" signature="(J)Lorg/apache/commons/math3/fraction/BigFraction;" line-rate="1.0" branch-rate="1.0">
							<lines>
								<line number="648" hits="2" branch="false"/>
							</lines>
						</method>
						<method name="divide" signature="(Ljava/lang/Object;)Ljava/lang/Object;" line-rate="1.0" branch-rate="1.0">
							<lines>
							</lines>
						</method>
						<method name="divide" signature="(Ljava/math/BigInteger;)Lorg/apache/commons/math3/fraction/BigFraction;" line-rate="0.6" branch-rate="0.5">
							<lines>
								<line number="614" hits="14" branch="true" condition-coverage="50% (1/2)">
									<conditions>
										<condition number="0" type="jump" coverage="50%"/>
									</conditions>
								</line>
								<line number="615" hits="0" branch="false"/>
								<line number="617" hits="14" branch="true" condition-coverage="50% (1/2)">
									<conditions>
										<condition number="0" type="jump" coverage="50%"/>
									</conditions>
								</line>
								<line number="618" hits="0" branch="false"/>
								<line number="620" hits="14" branch="false"/>
							</lines>
						</method>
						<method name="divide" signature="(Lorg/apache/commons/math3/fraction/BigFraction;)Lorg/apache/commons/math3/fraction/BigFraction;" line-rate="0.6" branch-rate="0.5">
							<lines>
								<line number="663" hits="18" branch="true" condition-coverage="50% (1/2)">
									<conditions>
										<condition number="0" type="jump" coverage="50%"/>
									</conditions>
								</line>
								<line number="664" hits="0" branch="false"/>
								<line number="666" hits="18" branch="true" condition-coverage="50% (1/2)">
									<conditions>
										<condition number="0" type="jump" coverage="50%"/>
									</conditions>
								</line>
								<line number="667" hits="0" branch="false"/>
								<line number="670" hits="18" branch="false"/>
							</lines>
						</method>
						<method name="doubleValue" signature="()D" line-rate="0.6" branch-rate="0.5">
							<lines>
								<line number="684" hits="20" branch="false"/>
								<line number="685" hits="20" branch="true" condition-coverage="50% (1/2)">
									<conditions>
										<condition number="0" type="jump" coverage="50%"/>
									</conditions>
								</line>
								<line number="688" hits="0" branch="false"/>
								<line number="690" hits="0" branch="false"/>
								<line number="693" hits="20" branch="false"/>
							</lines>
						</method>
						<method name="equals" signature="(Ljava/lang/Object;)Z" line-rate="0.875" branch-rate="0.75">
							<lines>
								<line number="713" hits="134" branch="false"/>
								<line number="715" hits="134" branch="true" condition-coverage="50% (1/2)">
									<conditions>
										<condition number="0" type="jump" coverage="50%"/>
									</conditions>
								</line>
								<line number="716" hits="0" branch="false"/>
								<line number="717" hits="134" branch="true" condition-coverage="100% (2/2)">
									<conditions>
										<condition number="0" type="jump" coverage="100%"/>
									</conditions>
								</line>
								<line number="718" hits="124" branch="false"/>
								<line number="719" hits="124" branch="false"/>
								<line number="720" hits="124" branch="true" condition-coverage="75% (3/4)">
									<conditions>
										<condition number="0" type="jump" coverage="100%"/>
										<condition number="1" type="jump" coverage="50%"/>
									</conditions>
								</line>
								<line number="723" hits="134" branch="false"/>
							</lines>
						</method>
						<method name="floatValue" signature="()F" line-rate="0.6" branch-rate="0.5">
							<lines>
								<line number="737" hits="116" branch="false"/>
								<line number="738" hits="116" branch="true" condition-coverage="50% (1/2)">
									<conditions>
										<condition number="0" type="jump" coverage="50%"/>
									</conditions>
								</line>
								<line number="741" hits="0" branch="false"/>
								<line number="743" hits="0" branch="false"/>
								<line number="746" hits="116" branch="false"/>
							</lines>
						</method>
						<method name="getDenominator" signature="()Ljava/math/BigInteger;" line-rate="1.0" branch-rate="1.0">
							<lines>
								<line number="757" hits="98" branch="false"/>
							</lines>
						</method>
						<method name="getDenominatorAsInt" signature="()I" line-rate="1.0" branch-rate="1.0">
							<lines>
								<line number="768" hits="4" branch="false"/>
							</lines>
						</method>
						<method name="getDenominatorAsLong" signature="()J" line-rate="1.0" branch-rate="1.0">
							<lines>
								<line number="779" hits="12" branch="false"/>
							</lines>
						</method>
						<method name="getField" signature="()Lorg/apache/commons/math3/Field;" line-rate="1.0" branch-rate="1.0">
							<lines>
							</lines>
						</method>
						<method name="getField" signature="()Lorg/apache/commons/math3/fraction/BigFractionField;" line-rate="1.0" branch-rate="1.0">
							<lines>
								<line number="1141" hits="12" branch="false"/>
							</lines>
						</method>
						<method name="getNumerator" signature="()Ljava/math/BigInteger;" line-rate="1.0" branch-rate="1.0">
							<lines>
								<line number="790" hits="146" branch="false"/>
							</lines>
						</method>
						<method name="getNumeratorAsInt" signature="()I" line-rate="1.0" branch-rate="1.0">
							<lines>
								<line number="801" hits="2" branch="false"/>
							</lines>
						</method>
						<method name="getNumeratorAsLong" signature="()J" line-rate="1.0" branch-rate="1.0">
							<lines>
								<line number="812" hits="2" branch="false"/>
							</lines>
						</method>
						<method name="getReducedFraction" signature="(II)Lorg/apache/commons/math3/fraction/BigFraction;" line-rate="0.0" branch-rate="0.0">
							<lines>
								<line number="435" hits="0" branch="true" condition-coverage="0% (0/2)">
									<conditions>
										<condition number="0" type="jump" coverage="0%"/>
									</conditions>
								</line>
								<line number="436" hits="0" branch="false"/>
								<line number="439" hits="0" branch="false"/>
							</lines>
						</method>
						<method name="hashCode" signature="()I" line-rate="0.0" branch-rate="1.0">
							<lines>
								<line number="825" hits="0" branch="false"/>
							</lines>
						</method>
						<method name="intValue" signature="()I" line-rate="1.0" branch-rate="1.0">
							<lines>
								<line number="839" hits="16" branch="false"/>
							</lines>
						</method>
						<method name="longValue" signature="()J" line-rate="1.0" branch-rate="1.0">
							<lines>
								<line number="853" hits="104" branch="false"/>
							</lines>
						</method>
						<method name="multiply" signature="(I)Ljava/lang/Object;" line-rate="1.0" branch-rate="1.0">
							<lines>
							</lines>
						</method>
						<method name="multiply" signature="(I)Lorg/apache/commons/math3/fraction/BigFraction;" line-rate="1.0" branch-rate="1.0">
							<lines>
								<line number="884" hits="20" branch="false"/>
							</lines>
						</method>
						<method name="multiply" signature="(J)Lorg/apache/commons/math3/fraction/BigFraction;" line-rate="1.0" branch-rate="1.0">
							<lines>
								<line number="898" hits="12" branch="false"/>
							</lines>
						</method>
						<method name="multiply" signature="(Ljava/lang/Object;)Ljava/lang/Object;" line-rate="1.0" branch-rate="1.0">
							<lines>
							</lines>
						</method>
						<method name="multiply" signature="(Ljava/math/BigInteger;)Lorg/apache/commons/math3/fraction/BigFraction;" line-rate="0.6666666666666666" branch-rate="0.5">
							<lines>
								<line number="867" hits="70" branch="true" condition-coverage="50% (1/2)">
									<conditions>
										<condition number="0" type="jump" coverage="50%"/>
									</conditions>
								</line>
								<line number="868" hits="0" branch="false"/>
								<line number="870" hits="70" branch="false"/>
							</lines>
						</method>
						<method name="multiply" signature="(Lorg/apache/commons/math3/fraction/BigFraction;)Lorg/apache/commons/math3/fraction/BigFraction;" line-rate="0.6" branch-rate="0.5">
							<lines>
								<line number="912" hits="34" branch="true" condition-coverage="50% (1/2)">
									<conditions>
										<condition number="0" type="jump" coverage="50%"/>
									</conditions>
								</line>
								<line number="913" hits="0" branch="false"/>
								<line number="915" hits="34" branch="true" condition-coverage="50% (2/4)">
									<conditions>
										<condition number="0" type="jump" coverage="50%"/>
										<condition number="1" type="jump" coverage="50%"/>
									</conditions>
								</line>
								<line number="917" hits="0" branch="false"/>
								<line number="919" hits="34" branch="false"/>
							</lines>
						</method>
						<method name="negate" signature="()Ljava/lang/Object;" line-rate="1.0" branch-rate="1.0">
							<lines>
							</lines>
						</method>
						<method name="negate" signature="()Lorg/apache/commons/math3/fraction/BigFraction;" line-rate="1.0" branch-rate="1.0">
							<lines>
								<line number="932" hits="24" branch="false"/>
							</lines>
						</method>
						<method name="percentageValue" signature="()D" line-rate="1.0" branch-rate="1.0">
							<lines>
								<line number="944" hits="10" branch="false"/>
							</lines>
						</method>
						<method name="pow" signature="(D)D" line-rate="1.0" branch-rate="1.0">
							<lines>
								<line number="1015" hits="8" branch="false"/>
							</lines>
						</method>
						<method name="pow" signature="(I)Lorg/apache/commons/math3/fraction/BigFraction;" line-rate="1.0" branch-rate="1.0">
							<lines>
								<line number="959" hits="14" branch="true" condition-coverage="100% (2/2)">
									<conditions>
										<condition number="0" type="jump" coverage="100%"/>
									</conditions>
								</line>
								<line number="960" hits="10" branch="false"/>
								<line number="962" hits="4" branch="false"/>
							</lines>
						</method>
						<method name="pow" signature="(J)Lorg/apache/commons/math3/fraction/BigFraction;" line-rate="0.6666666666666666" branch-rate="0.5">
							<lines>
								<line number="976" hits="12" branch="true" condition-coverage="50% (1/2)">
									<conditions>
										<condition number="0" type="jump" coverage="50%"/>
									</conditions>
								</line>
								<line number="977" hits="0" branch="false"/>
								<line number="980" hits="12" branch="false"/>
							</lines>
						</method>
						<method name="pow" signature="(Ljava/math/BigInteger;)Lorg/apache/commons/math3/fraction/BigFraction;" line-rate="0.5" branch-rate="0.5">
							<lines>
								<line number="995" hits="12" branch="true" condition-coverage="50% (1/2)">
									<conditions>
										<condition number="0" type="jump" coverage="50%"/>
									</conditions>
								</line>
								<line number="996" hits="0" branch="false"/>
								<line number="997" hits="0" branch="false"/>
								<line number="1000" hits="12" branch="false"/>
							</lines>
						</method>
						<method name="reciprocal" signature="()Ljava/lang/Object;" line-rate="1.0" branch-rate="1.0">
							<lines>
							</lines>
						</method>
						<method name="reciprocal" signature="()Lorg/apache/commons/math3/fraction/BigFraction;" line-rate="1.0" branch-rate="1.0">
							<lines>
								<line number="1027" hits="34" branch="false"/>
							</lines>
						</method>
						<method name="reduce" signature="()Lorg/apache/commons/math3/fraction/BigFraction;" line-rate="1.0" branch-rate="1.0">
							<lines>
								<line number="1039" hits="294" branch="false"/>
								<line number="1040" hits="294" branch="false"/>
							</lines>
						</method>
						<method name="subtract" signature="(I)Lorg/apache/commons/math3/fraction/BigFraction;" line-rate="1.0" branch-rate="1.0">
							<lines>
								<line number="1070" hits="24" branch="false"/>
							</lines>
						</method>
						<method name="subtract" signature="(J)Lorg/apache/commons/math3/fraction/BigFraction;" line-rate="1.0" branch-rate="1.0">
							<lines>
								<line number="1083" hits="6" branch="false"/>
							</lines>
						</method>
						<method name="subtract" signature="(Ljava/lang/Object;)Ljava/lang/Object;" line-rate="1.0" branch-rate="1.0">
							<lines>
							</lines>
						</method>
						<method name="subtract" signature="(Ljava/math/BigInteger;)Lorg/apache/commons/math3/fraction/BigFraction;" line-rate="0.6666666666666666" branch-rate="0.5">
							<lines>
								<line number="1054" hits="46" branch="true" condition-coverage="50% (1/2)">
									<conditions>
										<condition number="0" type="jump" coverage="50%"/>
									</conditions>
								</line>
								<line number="1055" hits="0" branch="false"/>
								<line number="1057" hits="46" branch="false"/>
							</lines>
						</method>
						<method name="subtract" signature="(Lorg/apache/commons/math3/fraction/BigFraction;)Lorg/apache/commons/math3/fraction/BigFraction;" line-rate="0.75" branch-rate="0.6666666666666666">
							<lines>
								<line number="1097" hits="6" branch="true" condition-coverage="50% (1/2)">
									<conditions>
										<condition number="0" type="jump" coverage="50%"/>
									</conditions>
								</line>
								<line number="1098" hits="0" branch="false"/>
								<line number="1100" hits="6" branch="true" condition-coverage="100% (2/2)">
									<conditions>
										<condition number="0" type="jump" coverage="100%"/>
									</conditions>
								</line>
								<line number="1101" hits="2" branch="false"/>
								<line number="1104" hits="4" branch="false"/>
								<line number="1105" hits="4" branch="false"/>
								<line number="1106" hits="4" branch="true" condition-coverage="50% (1/2)">
									<conditions>
										<condition number="0" type="jump" coverage="50%"/>
									</conditions>
								</line>
								<line number="1107" hits="0" branch="false"/>
								<line number="1108" hits="0" branch="false"/>
								<line number="1110" hits="4" branch="false"/>
								<line number="1111" hits="4" branch="false"/>
								<line number="1113" hits="4" branch="false"/>
							</lines>
						</method>
						<method name="toString" signature="()Ljava/lang/String;" line-rate="0.7142857142857143" branch-rate="0.5">
							<lines>
								<line number="1128" hits="30" branch="false"/>
								<line number="1129" hits="30" branch="true" condition-coverage="50% (1/2)">
									<conditions>
										<condition number="0" type="jump" coverage="50%"/>
									</conditions>
								</line>
								<line number="1130" hits="0" branch="false"/>
								<line number="1131" hits="30" branch="true" condition-coverage="50% (1/2)">
									<conditions>
										<condition number="0" type="jump" coverage="50%"/>
									</conditions>
								</line>
								<line number="1132" hits="0" branch="false"/>
								<line number="1134" hits="30" branch="false"/>
								<line number="1136" hits="30" branch="false"/>
							</lines>
						</method>
					</methods>
					<lines>
						<line number="40" hits="0" branch="false"/>
						<line number="45" hits="1" branch="false"/>
						<line number="48" hits="1" branch="false"/>
						<line number="51" hits="1" branch="false"/>
						<line number="54" hits="1" branch="false"/>
						<line number="57" hits="1" branch="false"/>
						<line number="60" hits="1" branch="false"/>
						<line number="63" hits="1" branch="false"/>
						<line number="66" hits="1" branch="false"/>
						<line number="69" hits="1" branch="false"/>
						<line number="72" hits="1" branch="false"/>
						<line number="75" hits="1" branch="false"/>
						<line number="78" hits="1" branch="false"/>
						<line number="81" hits="1" branch="false"/>
						<line number="84" hits="1" branch="false"/>
						<line number="90" hits="1" branch="false"/>
						<line number="108" hits="6" branch="false"/>
						<line number="109" hits="6" branch="false"/>
						<line number="120" hits="974" branch="false"/>
						<line number="121" hits="974" branch="false"/>
						<line number="122" hits="974" branch="false"/>
						<line number="123" hits="972" branch="true" condition-coverage="100% (2/2)">
							<conditions>
								<condition number="0" type="jump" coverage="100%"/>
							</conditions>
						</line>
						<line number="124" hits="2" branch="false"/>
						<line number="126" hits="970" branch="true" condition-coverage="100% (2/2)">
							<conditions>
								<condition number="0" type="jump" coverage="100%"/>
							</conditions>
						</line>
						<line number="127" hits="237" branch="false"/>
						<line number="128" hits="237" branch="false"/>
						<line number="132" hits="733" branch="false"/>
						<line number="133" hits="733" branch="true" condition-coverage="100% (2/2)">
							<conditions>
								<condition number="0" type="jump" coverage="100%"/>
							</conditions>
						</line>
						<line number="134" hits="69" branch="false"/>
						<line number="135" hits="69" branch="false"/>
						<line number="139" hits="733" branch="true" condition-coverage="100% (2/2)">
							<conditions>
								<condition number="0" type="jump" coverage="100%"/>
							</conditions>
						</line>
						<line number="140" hits="12" branch="false"/>
						<line number="141" hits="12" branch="false"/>
						<line number="145" hits="733" branch="false"/>
						<line number="146" hits="733" branch="false"/>
						<line number="149" hits="970" branch="false"/>
						<line number="172" hits="2" branch="false"/>
						<line number="173" hits="2" branch="true" condition-coverage="50% (1/2)">
							<conditions>
								<condition number="0" type="jump" coverage="50%"/>
							</conditions>
						</line>
						<line number="174" hits="0" branch="false"/>
						<line number="176" hits="2" branch="true" condition-coverage="50% (1/2)">
							<conditions>
								<condition number="0" type="jump" coverage="50%"/>
							</conditions>
						</line>
						<line number="177" hits="0" branch="false"/>
						<line number="181" hits="2" branch="false"/>
						<line number="182" hits="2" branch="false"/>
						<line number="183" hits="2" branch="false"/>
						<line number="184" hits="2" branch="false"/>
						<line number="185" hits="2" branch="true" condition-coverage="50% (1/2)">
							<conditions>
								<condition number="0" type="jump" coverage="50%"/>
							</conditions>
						</line>
						<line number="187" hits="2" branch="false"/>
						<line number="189" hits="2" branch="true" condition-coverage="50% (1/2)">
							<conditions>
								<condition number="0" type="jump" coverage="50%"/>
							</conditions>
						</line>
						<line number="190" hits="0" branch="false"/>
						<line number="192" hits="2" branch="false"/>
						<line number="193" hits="60" branch="true" condition-coverage="75% (3/4)">
							<conditions>
								<condition number="0" type="jump" coverage="50%"/>
								<condition number="1" type="jump" coverage="100%"/>
							</conditions>
						</line>
						<line number="194" hits="58" branch="false"/>
						<line number="195" hits="58" branch="false"/>
						<line number="198" hits="2" branch="true" condition-coverage="50% (1/2)">
							<conditions>
								<condition number="0" type="jump" coverage="50%"/>
							</conditions>
						</line>
						<line number="199" hits="2" branch="false"/>
						<line number="200" hits="2" branch="false"/>
						<line number="202" hits="0" branch="false"/>
						<line number="203" hits="0" branch="false"/>
						<line number="206" hits="2" branch="false"/>
						<line number="232" hits="2" branch="false"/>
						<line number="233" hits="2" branch="false"/>
						<line number="271" hits="2" branch="false"/>
						<line number="272" hits="2" branch="false"/>
						<line number="273" hits="2" branch="false"/>
						<line number="274" hits="2" branch="false"/>
						<line number="275" hits="2" branch="true" condition-coverage="50% (1/2)">
							<conditions>
								<condition number="0" type="jump" coverage="50%"/>
							</conditions>
						</line>
						<line number="276" hits="0" branch="false"/>
						<line number="281" hits="2" branch="true" condition-coverage="50% (1/2)">
							<conditions>
								<condition number="0" type="jump" coverage="50%"/>
							</conditions>
						</line>
						<line number="282" hits="2" branch="false"/>
						<line number="283" hits="2" branch="false"/>
						<line number="284" hits="2" branch="false"/>
						<line number="287" hits="0" branch="false"/>
						<line number="288" hits="0" branch="false"/>
						<line number="289" hits="0" branch="false"/>
						<line number="290" hits="0" branch="false"/>
						<line number="292" hits="0" branch="false"/>
						<line number="293" hits="0" branch="false"/>
						<line number="295" hits="0" branch="false"/>
						<line number="296" hits="0" branch="false"/>
						<line number="298" hits="0" branch="false"/>
						<line number="299" hits="0" branch="false"/>
						<line number="300" hits="0" branch="false"/>
						<line number="301" hits="0" branch="false"/>
						<line number="302" hits="0" branch="false"/>
						<line number="303" hits="0" branch="true" condition-coverage="0% (0/4)">
							<conditions>
								<condition number="0" type="jump" coverage="0%"/>
								<condition number="1" type="jump" coverage="0%"/>
							</conditions>
						</line>
						<line number="306" hits="0" branch="false"/>
						<line number="309" hits="0" branch="false"/>
						<line number="310" hits="0" branch="true" condition-coverage="0% (0/6)">
							<conditions>
								<condition number="0" type="jump" coverage="0%"/>
								<condition number="1" type="jump" coverage="0%"/>
								<condition number="2" type="jump" coverage="0%"/>
							</conditions>
						</line>
						<line number="313" hits="0" branch="false"/>
						<line number="314" hits="0" branch="false"/>
						<line number="315" hits="0" branch="false"/>
						<line number="316" hits="0" branch="false"/>
						<line number="317" hits="0" branch="false"/>
						<line number="318" hits="0" branch="false"/>
						<line number="320" hits="0" branch="false"/>
						<line number="322" hits="0" branch="true" condition-coverage="0% (0/2)">
							<conditions>
								<condition number="0" type="jump" coverage="0%"/>
							</conditions>
						</line>
						<line number="324" hits="0" branch="true" condition-coverage="0% (0/2)">
							<conditions>
								<condition number="0" type="jump" coverage="0%"/>
							</conditions>
						</line>
						<line number="325" hits="0" branch="false"/>
						<line number="328" hits="0" branch="true" condition-coverage="0% (0/2)">
							<conditions>
								<condition number="0" type="jump" coverage="0%"/>
							</conditions>
						</line>
						<line number="329" hits="0" branch="false"/>
						<line number="330" hits="0" branch="false"/>
						<line number="332" hits="0" branch="false"/>
						<line number="333" hits="0" branch="false"/>
						<line number="335" hits="0" branch="false"/>
						<line number="356" hits="0" branch="false"/>
						<line number="357" hits="0" branch="false"/>
						<line number="369" hits="100" branch="false"/>
						<line number="370" hits="100" branch="false"/>
						<line number="384" hits="12" branch="false"/>
						<line number="385" hits="12" branch="false"/>
						<line number="396" hits="84" branch="false"/>
						<line number="397" hits="84" branch="false"/>
						<line number="411" hits="14" branch="false"/>
						<line number="412" hits="12" branch="false"/>
						<line number="435" hits="0" branch="true" condition-coverage="0% (0/2)">
							<conditions>
								<condition number="0" type="jump" coverage="0%"/>
							</conditions>
						</line>
						<line number="436" hits="0" branch="false"/>
						<line number="439" hits="0" branch="false"/>
						<line number="450" hits="66" branch="true" condition-coverage="100% (2/2)">
							<conditions>
								<condition number="0" type="jump" coverage="100%"/>
							</conditions>
						</line>
						<line number="466" hits="70" branch="false"/>
						<line number="467" hits="70" branch="false"/>
						<line number="481" hits="48" branch="false"/>
						<line number="495" hits="0" branch="false"/>
						<line number="510" hits="116" branch="true" condition-coverage="100% (2/2)">
							<conditions>
								<condition number="0" type="jump" coverage="100%"/>
							</conditions>
						</line>
						<line number="511" hits="2" branch="false"/>
						<line number="513" hits="114" branch="true" condition-coverage="50% (1/2)">
							<conditions>
								<condition number="0" type="jump" coverage="50%"/>
							</conditions>
						</line>
						<line number="514" hits="0" branch="false"/>
						<line number="517" hits="114" branch="false"/>
						<line number="518" hits="114" branch="false"/>
						<line number="520" hits="114" branch="true" condition-coverage="100% (2/2)">
							<conditions>
								<condition number="0" type="jump" coverage="100%"/>
							</conditions>
						</line>
						<line number="521" hits="30" branch="false"/>
						<line number="522" hits="30" branch="false"/>
						<line number="524" hits="84" branch="false"/>
						<line number="525" hits="84" branch="false"/>
						<line number="527" hits="114" branch="false"/>
						<line number="544" hits="12" branch="false"/>
						<line number="563" hits="10" branch="false"/>
						<line number="582" hits="0" branch="false"/>
						<line number="597" hits="22" branch="false"/>
						<line number="598" hits="22" branch="false"/>
						<line number="599" hits="22" branch="false"/>
						<line number="614" hits="14" branch="true" condition-coverage="50% (1/2)">
							<conditions>
								<condition number="0" type="jump" coverage="50%"/>
							</conditions>
						</line>
						<line number="615" hits="0" branch="false"/>
						<line number="617" hits="14" branch="true" condition-coverage="50% (1/2)">
							<conditions>
								<condition number="0" type="jump" coverage="50%"/>
							</conditions>
						</line>
						<line number="618" hits="0" branch="false"/>
						<line number="620" hits="14" branch="false"/>
						<line number="634" hits="4" branch="false"/>
						<line number="648" hits="2" branch="false"/>
						<line number="663" hits="18" branch="true" condition-coverage="50% (1/2)">
							<conditions>
								<condition number="0" type="jump" coverage="50%"/>
							</conditions>
						</line>
						<line number="664" hits="0" branch="false"/>
						<line number="666" hits="18" branch="true" condition-coverage="50% (1/2)">
							<conditions>
								<condition number="0" type="jump" coverage="50%"/>
							</conditions>
						</line>
						<line number="667" hits="0" branch="false"/>
						<line number="670" hits="18" branch="false"/>
						<line number="684" hits="20" branch="false"/>
						<line number="685" hits="20" branch="true" condition-coverage="50% (1/2)">
							<conditions>
								<condition number="0" type="jump" coverage="50%"/>
							</conditions>
						</line>
						<line number="688" hits="0" branch="false"/>
						<line number="690" hits="0" branch="false"/>
						<line number="693" hits="20" branch="false"/>
						<line number="713" hits="134" branch="false"/>
						<line number="715" hits="134" branch="true" condition-coverage="50% (1/2)">
							<conditions>
								<condition number="0" type="jump" coverage="50%"/>
							</conditions>
						</line>
						<line number="716" hits="0" branch="false"/>
						<line number="717" hits="134" branch="true" condition-coverage="100% (2/2)">
							<conditions>
								<condition number="0" type="jump" coverage="100%"/>
							</conditions>
						</line>
						<line number="718" hits="124" branch="false"/>
						<line number="719" hits="124" branch="false"/>
						<line number="720" hits="124" branch="true" condition-coverage="75% (3/4)">
							<conditions>
								<condition number="0" type="jump" coverage="100%"/>
								<condition number="1" type="jump" coverage="50%"/>
							</conditions>
						</line>
						<line number="723" hits="134" branch="false"/>
						<line number="737" hits="116" branch="false"/>
						<line number="738" hits="116" branch="true" condition-coverage="50% (1/2)">
							<conditions>
								<condition number="0" type="jump" coverage="50%"/>
							</conditions>
						</line>
						<line number="741" hits="0" branch="false"/>
						<line number="743" hits="0" branch="false"/>
						<line number="746" hits="116" branch="false"/>
						<line number="757" hits="98" branch="false"/>
						<line number="768" hits="4" branch="false"/>
						<line number="779" hits="12" branch="false"/>
						<line number="790" hits="146" branch="false"/>
						<line number="801" hits="2" branch="false"/>
						<line number="812" hits="2" branch="false"/>
						<line number="825" hits="0" branch="false"/>
						<line number="839" hits="16" branch="false"/>
						<line number="853" hits="104" branch="false"/>
						<line number="867" hits="70" branch="true" condition-coverage="50% (1/2)">
							<conditions>
								<condition number="0" type="jump" coverage="50%"/>
							</conditions>
						</line>
						<line number="868" hits="0" branch="false"/>
						<line number="870" hits="70" branch="false"/>
						<line number="884" hits="20" branch="false"/>
						<line number="898" hits="12" branch="false"/>
						<line number="912" hits="34" branch="true" condition-coverage="50% (1/2)">
							<conditions>
								<condition number="0" type="jump" coverage="50%"/>
							</conditions>
						</line>
						<line number="913" hits="0" branch="false"/>
						<line number="915" hits="34" branch="true" condition-coverage="50% (2/4)">
							<conditions>
								<condition number="0" type="jump" coverage="50%"/>
								<condition number="1" type="jump" coverage="50%"/>
							</conditions>
						</line>
						<line number="917" hits="0" branch="false"/>
						<line number="919" hits="34" branch="false"/>
						<line number="932" hits="24" branch="false"/>
						<line number="944" hits="10" branch="false"/>
						<line number="959" hits="14" branch="true" condition-coverage="100% (2/2)">
							<conditions>
								<condition number="0" type="jump" coverage="100%"/>
							</conditions>
						</line>
						<line number="960" hits="10" branch="false"/>
						<line number="962" hits="4" branch="false"/>
						<line number="976" hits="12" branch="true" condition-coverage="50% (1/2)">
							<conditions>
								<condition number="0" type="jump" coverage="50%"/>
							</conditions>
						</line>
						<line number="977" hits="0" branch="false"/>
						<line number="980" hits="12" branch="false"/>
						<line number="995" hits="12" branch="true" condition-coverage="50% (1/2)">
							<conditions>
								<condition number="0" type="jump" coverage="50%"/>
							</conditions>
						</line>
						<line number="996" hits="0" branch="false"/>
						<line number="997" hits="0" branch="false"/>
						<line number="1000" hits="12" branch="false"/>
						<line number="1015" hits="8" branch="false"/>
						<line number="1027" hits="34" branch="false"/>
						<line number="1039" hits="294" branch="false"/>
						<line number="1040" hits="294" branch="false"/>
						<line number="1054" hits="46" branch="true" condition-coverage="50% (1/2)">
							<conditions>
								<condition number="0" type="jump" coverage="50%"/>
							</conditions>
						</line>
						<line number="1055" hits="0" branch="false"/>
						<line number="1057" hits="46" branch="false"/>
						<line number="1070" hits="24" branch="false"/>
						<line number="1083" hits="6" branch="false"/>
						<line number="1097" hits="6" branch="true" condition-coverage="50% (1/2)">
							<conditions>
								<condition number="0" type="jump" coverage="50%"/>
							</conditions>
						</line>
						<line number="1098" hits="0" branch="false"/>
						<line number="1100" hits="6" branch="true" condition-coverage="100% (2/2)">
							<conditions>
								<condition number="0" type="jump" coverage="100%"/>
							</conditions>
						</line>
						<line number="1101" hits="2" branch="false"/>
						<line number="1104" hits="4" branch="false"/>
						<line number="1105" hits="4" branch="false"/>
						<line number="1106" hits="4" branch="true" condition-coverage="50% (1/2)">
							<conditions>
								<condition number="0" type="jump" coverage="50%"/>
							</conditions>
						</line>
						<line number="1107" hits="0" branch="false"/>
						<line number="1108" hits="0" branch="false"/>
						<line number="1110" hits="4" branch="false"/>
						<line number="1111" hits="4" branch="false"/>
						<line number="1113" hits="4" branch="false"/>
						<line number="1128" hits="30" branch="false"/>
						<line number="1129" hits="30" branch="true" condition-coverage="50% (1/2)">
							<conditions>
								<condition number="0" type="jump" coverage="50%"/>
							</conditions>
						</line>
						<line number="1130" hits="0" branch="false"/>
						<line number="1131" hits="30" branch="true" condition-coverage="50% (1/2)">
							<conditions>
								<condition number="0" type="jump" coverage="50%"/>
							</conditions>
						</line>
						<line number="1132" hits="0" branch="false"/>
						<line number="1134" hits="30" branch="false"/>
						<line number="1136" hits="30" branch="false"/>
						<line number="1141" hits="12" branch="false"/>
					</lines>
				</class>
				<class name="org.apache.commons.math3.fraction.Fraction" filename="org/apache/commons/math3/fraction/Fraction.java" line-rate="0.7647058823529411" branch-rate="0.5531914893617021" complexity="3.161290322580645">
					<methods>
						<method name="&lt;clinit&gt;" signature="()V" line-rate="1.0" branch-rate="1.0">
							<lines>
								<line number="42" hits="1" branch="false"/>
								<line number="45" hits="1" branch="false"/>
								<line number="48" hits="1" branch="false"/>
								<line number="51" hits="1" branch="false"/>
								<line number="54" hits="1" branch="false"/>
								<line number="57" hits="1" branch="false"/>
								<line number="60" hits="1" branch="false"/>
								<line number="63" hits="1" branch="false"/>
								<line number="66" hits="1" branch="false"/>
								<line number="69" hits="1" branch="false"/>
								<line number="72" hits="1" branch="false"/>
								<line number="75" hits="1" branch="false"/>
								<line number="78" hits="1" branch="false"/>
								<line number="81" hits="1" branch="false"/>
							</lines>
						</method>
						<method name="&lt;init&gt;" signature="(D)V" line-rate="1.0" branch-rate="1.0">
							<lines>
								<line number="102" hits="4" branch="false"/>
								<line number="103" hits="4" branch="false"/>
							</lines>
						</method>
						<method name="&lt;init&gt;" signature="(DDI)V" line-rate="1.0" branch-rate="1.0">
							<lines>
								<line number="124" hits="12" branch="false"/>
								<line number="125" hits="12" branch="false"/>
							</lines>
						</method>
						<method name="&lt;init&gt;" signature="(DDII)V" line-rate="0.5581395348837209" branch-rate="0.25">
							<lines>
								<line number="180" hits="14" branch="false"/>
								<line number="181" hits="14" branch="false"/>
								<line number="182" hits="14" branch="false"/>
								<line number="183" hits="14" branch="false"/>
								<line number="184" hits="14" branch="true" condition-coverage="50% (1/2)">
									<conditions>
										<condition number="0" type="jump" coverage="50%"/>
									</conditions>
								</line>
								<line number="185" hits="0" branch="false"/>
								<line number="189" hits="14" branch="true" condition-coverage="100% (2/2)">
									<conditions>
										<condition number="0" type="jump" coverage="100%"/>
									</conditions>
								</line>
								<line number="190" hits="12" branch="false"/>
								<line number="191" hits="12" branch="false"/>
								<line number="192" hits="12" branch="false"/>
								<line number="195" hits="2" branch="false"/>
								<line number="196" hits="2" branch="false"/>
								<line number="197" hits="2" branch="false"/>
								<line number="198" hits="2" branch="false"/>
								<line number="200" hits="2" branch="false"/>
								<line number="201" hits="2" branch="false"/>
								<line number="203" hits="2" branch="false"/>
								<line number="204" hits="2" branch="false"/>
								<line number="206" hits="2" branch="false"/>
								<line number="207" hits="2" branch="false"/>
								<line number="208" hits="2" branch="false"/>
								<line number="209" hits="2" branch="false"/>
								<line number="210" hits="2" branch="false"/>
								<line number="212" hits="2" branch="true" condition-coverage="50% (2/4)">
									<conditions>
										<condition number="0" type="jump" coverage="50%"/>
										<condition number="1" type="jump" coverage="50%"/>
									</conditions>
								</line>
								<line number="215" hits="2" branch="false"/>
								<line number="218" hits="0" branch="false"/>
								<line number="219" hits="0" branch="true" condition-coverage="0% (0/6)">
									<conditions>
										<condition number="0" type="jump" coverage="0%"/>
										<condition number="1" type="jump" coverage="0%"/>
										<condition number="2" type="jump" coverage="0%"/>
									</conditions>
								</line>
								<line number="220" hits="0" branch="false"/>
								<line number="221" hits="0" branch="false"/>
								<line number="222" hits="0" branch="false"/>
								<line number="223" hits="0" branch="false"/>
								<line number="224" hits="0" branch="false"/>
								<line number="225" hits="0" branch="false"/>
								<line number="227" hits="0" branch="false"/>
								<line number="229" hits="0" branch="true" condition-coverage="0% (0/2)">
									<conditions>
										<condition number="0" type="jump" coverage="0%"/>
									</conditions>
								</line>
								<line number="231" hits="0" branch="true" condition-coverage="0% (0/2)">
									<conditions>
										<condition number="0" type="jump" coverage="0%"/>
									</conditions>
								</line>
								<line number="232" hits="0" branch="false"/>
								<line number="235" hits="0" branch="true" condition-coverage="0% (0/2)">
									<conditions>
										<condition number="0" type="jump" coverage="0%"/>
									</conditions>
								</line>
								<line number="236" hits="0" branch="false"/>
								<line number="237" hits="0" branch="false"/>
								<line number="239" hits="0" branch="false"/>
								<line number="240" hits="0" branch="false"/>
								<line number="243" hits="0" branch="false"/>
							</lines>
						</method>
						<method name="&lt;init&gt;" signature="(DI)V" line-rate="0.5" branch-rate="1.0">
							<lines>
								<line number="144" hits="2" branch="false"/>
								<line number="145" hits="0" branch="false"/>
							</lines>
						</method>
						<method name="&lt;init&gt;" signature="(I)V" line-rate="1.0" branch-rate="1.0">
							<lines>
								<line number="251" hits="14" branch="false"/>
								<line number="252" hits="14" branch="false"/>
							</lines>
						</method>
						<method name="&lt;init&gt;" signature="(II)V" line-rate="0.8333333333333334" branch-rate="0.75">
							<lines>
								<line number="261" hits="518" branch="false"/>
								<line number="262" hits="518" branch="true" condition-coverage="100% (2/2)">
									<conditions>
										<condition number="0" type="jump" coverage="100%"/>
									</conditions>
								</line>
								<line number="263" hits="2" branch="false"/>
								<line number="266" hits="516" branch="true" condition-coverage="100% (2/2)">
									<conditions>
										<condition number="0" type="jump" coverage="100%"/>
									</conditions>
								</line>
								<line number="267" hits="2" branch="true" condition-coverage="50% (2/4)">
									<conditions>
										<condition number="0" type="jump" coverage="50%"/>
										<condition number="1" type="jump" coverage="50%"/>
									</conditions>
								</line>
								<line number="269" hits="0" branch="false"/>
								<line number="272" hits="2" branch="false"/>
								<line number="273" hits="2" branch="false"/>
								<line number="276" hits="516" branch="false"/>
								<line number="277" hits="516" branch="true" condition-coverage="100% (2/2)">
									<conditions>
										<condition number="0" type="jump" coverage="100%"/>
									</conditions>
								</line>
								<line number="278" hits="7" branch="false"/>
								<line number="279" hits="7" branch="false"/>
								<line number="283" hits="516" branch="true" condition-coverage="50% (1/2)">
									<conditions>
										<condition number="0" type="jump" coverage="50%"/>
									</conditions>
								</line>
								<line number="284" hits="0" branch="false"/>
								<line number="285" hits="0" branch="false"/>
								<line number="287" hits="516" branch="false"/>
								<line number="288" hits="516" branch="false"/>
								<line number="289" hits="516" branch="false"/>
							</lines>
						</method>
						<method name="abs" signature="()Lorg/apache/commons/math3/fraction/Fraction;" line-rate="0.75" branch-rate="0.5">
							<lines>
								<line number="297" hits="6" branch="true" condition-coverage="50% (1/2)">
									<conditions>
										<condition number="0" type="jump" coverage="50%"/>
									</conditions>
								</line>
								<line number="298" hits="6" branch="false"/>
								<line number="300" hits="0" branch="false"/>
								<line number="302" hits="6" branch="false"/>
							</lines>
						</method>
						<method name="add" signature="(I)Lorg/apache/commons/math3/fraction/Fraction;" line-rate="1.0" branch-rate="1.0">
							<lines>
								<line number="445" hits="18" branch="false"/>
							</lines>
						</method>
						<method name="add" signature="(Ljava/lang/Object;)Ljava/lang/Object;" line-rate="1.0" branch-rate="1.0">
							<lines>
							</lines>
						</method>
						<method name="add" signature="(Lorg/apache/commons/math3/fraction/Fraction;)Lorg/apache/commons/math3/fraction/Fraction;" line-rate="1.0" branch-rate="1.0">
							<lines>
								<line number="436" hits="12" branch="false"/>
							</lines>
						</method>
						<method name="addSub" signature="(Lorg/apache/commons/math3/fraction/Fraction;Z)Lorg/apache/commons/math3/fraction/Fraction;" line-rate="0.95" branch-rate="0.7777777777777778">
							<lines>
								<line number="482" hits="60" branch="true" condition-coverage="100% (2/2)">
									<conditions>
										<condition number="0" type="jump" coverage="100%"/>
									</conditions>
								</line>
								<line number="483" hits="2" branch="false"/>
								<line number="486" hits="58" branch="true" condition-coverage="100% (2/2)">
									<conditions>
										<condition number="0" type="jump" coverage="100%"/>
									</conditions>
								</line>
								<line number="487" hits="40" branch="true" condition-coverage="50% (1/2)">
									<conditions>
										<condition number="0" type="jump" coverage="50%"/>
									</conditions>
								</line>
								<line number="489" hits="18" branch="true" condition-coverage="100% (2/2)">
									<conditions>
										<condition number="0" type="jump" coverage="100%"/>
									</conditions>
								</line>
								<line number="490" hits="4" branch="false"/>
								<line number="494" hits="14" branch="false"/>
								<line number="495" hits="14" branch="true" condition-coverage="100% (2/2)">
									<conditions>
										<condition number="0" type="jump" coverage="100%"/>
									</conditions>
								</line>
								<line number="497" hits="12" branch="false"/>
								<line number="498" hits="12" branch="false"/>
								<line number="499" hits="12" branch="true" condition-coverage="100% (2/2)">
									<conditions>
										<condition number="0" type="jump" coverage="100%"/>
									</conditions>
								</line>
								<line number="507" hits="2" branch="false"/>
								<line number="509" hits="2" branch="false"/>
								<line number="511" hits="2" branch="true" condition-coverage="50% (1/2)">
									<conditions>
										<condition number="0" type="jump" coverage="50%"/>
									</conditions>
								</line>
								<line number="514" hits="2" branch="false"/>
								<line number="515" hits="2" branch="true" condition-coverage="50% (1/2)">
									<conditions>
										<condition number="0" type="jump" coverage="50%"/>
									</conditions>
								</line>
								<line number="518" hits="2" branch="false"/>
								<line number="519" hits="2" branch="true" condition-coverage="50% (1/2)">
									<conditions>
										<condition number="0" type="jump" coverage="50%"/>
									</conditions>
								</line>
								<line number="520" hits="0" branch="false"/>
								<line number="523" hits="2" branch="false"/>
							</lines>
						</method>
						<method name="compareTo" signature="(Ljava/lang/Object;)I" line-rate="0.0" branch-rate="1.0">
							<lines>
								<line number="37" hits="0" branch="false"/>
							</lines>
						</method>
						<method name="compareTo" signature="(Lorg/apache/commons/math3/fraction/Fraction;)I" line-rate="1.0" branch-rate="1.0">
							<lines>
								<line number="312" hits="20" branch="false"/>
								<line number="313" hits="20" branch="false"/>
								<line number="314" hits="20" branch="true" condition-coverage="100% (4/4)">
									<conditions>
										<condition number="0" type="jump" coverage="100%"/>
										<condition number="1" type="jump" coverage="100%"/>
									</conditions>
								</line>
							</lines>
						</method>
						<method name="divide" signature="(I)Lorg/apache/commons/math3/fraction/Fraction;" line-rate="1.0" branch-rate="1.0">
							<lines>
								<line number="590" hits="2" branch="false"/>
							</lines>
						</method>
						<method name="divide" signature="(Ljava/lang/Object;)Ljava/lang/Object;" line-rate="1.0" branch-rate="1.0">
							<lines>
							</lines>
						</method>
						<method name="divide" signature="(Lorg/apache/commons/math3/fraction/Fraction;)Lorg/apache/commons/math3/fraction/Fraction;" line-rate="0.6" branch-rate="0.5">
							<lines>
								<line number="574" hits="156" branch="true" condition-coverage="50% (1/2)">
									<conditions>
										<condition number="0" type="jump" coverage="50%"/>
									</conditions>
								</line>
								<line number="575" hits="0" branch="false"/>
								<line number="577" hits="156" branch="true" condition-coverage="50% (1/2)">
									<conditions>
										<condition number="0" type="jump" coverage="50%"/>
									</conditions>
								</line>
								<line number="578" hits="0" branch="false"/>
								<line number="581" hits="156" branch="false"/>
							</lines>
						</method>
						<method name="doubleValue" signature="()D" line-rate="1.0" branch-rate="1.0">
							<lines>
								<line number="324" hits="52" branch="false"/>
							</lines>
						</method>
						<method name="equals" signature="(Ljava/lang/Object;)Z" line-rate="0.0" branch-rate="0.0">
							<lines>
								<line number="338" hits="0" branch="true" condition-coverage="0% (0/2)">
									<conditions>
										<condition number="0" type="jump" coverage="0%"/>
									</conditions>
								</line>
								<line number="339" hits="0" branch="false"/>
								<line number="341" hits="0" branch="true" condition-coverage="0% (0/2)">
									<conditions>
										<condition number="0" type="jump" coverage="0%"/>
									</conditions>
								</line>
								<line number="344" hits="0" branch="false"/>
								<line number="345" hits="0" branch="true" condition-coverage="0% (0/4)">
									<conditions>
										<condition number="0" type="jump" coverage="0%"/>
										<condition number="1" type="jump" coverage="0%"/>
									</conditions>
								</line>
								<line number="348" hits="0" branch="false"/>
							</lines>
						</method>
						<method name="floatValue" signature="()F" line-rate="1.0" branch-rate="1.0">
							<lines>
								<line number="358" hits="8" branch="false"/>
							</lines>
						</method>
						<method name="getDenominator" signature="()I" line-rate="1.0" branch-rate="1.0">
							<lines>
								<line number="366" hits="12" branch="false"/>
							</lines>
						</method>
						<method name="getField" signature="()Lorg/apache/commons/math3/Field;" line-rate="1.0" branch-rate="1.0">
							<lines>
							</lines>
						</method>
						<method name="getField" signature="()Lorg/apache/commons/math3/fraction/FractionField;" line-rate="1.0" branch-rate="1.0">
							<lines>
								<line number="668" hits="216" branch="false"/>
							</lines>
						</method>
						<method name="getNumerator" signature="()I" line-rate="1.0" branch-rate="1.0">
							<lines>
								<line number="374" hits="6" branch="false"/>
							</lines>
						</method>
						<method name="getReducedFraction" signature="(II)Lorg/apache/commons/math3/fraction/Fraction;" line-rate="0.8" branch-rate="0.5714285714285714">
							<lines>
								<line number="617" hits="194" branch="true" condition-coverage="50% (1/2)">
									<conditions>
										<condition number="0" type="jump" coverage="50%"/>
									</conditions>
								</line>
								<line number="618" hits="0" branch="false"/>
								<line number="621" hits="194" branch="true" condition-coverage="100% (2/2)">
									<conditions>
										<condition number="0" type="jump" coverage="100%"/>
									</conditions>
								</line>
								<line number="622" hits="2" branch="false"/>
								<line number="625" hits="192" branch="true" condition-coverage="25% (1/4)">
									<conditions>
										<condition number="0" type="jump" coverage="50%"/>
										<condition number="1" type="jump" coverage="0%"/>
									</conditions>
								</line>
								<line number="626" hits="0" branch="false"/>
								<line number="628" hits="192" branch="true" condition-coverage="100% (2/2)">
									<conditions>
										<condition number="0" type="jump" coverage="100%"/>
									</conditions>
								</line>
								<line number="629" hits="2" branch="true" condition-coverage="50% (2/4)">
									<conditions>
										<condition number="0" type="jump" coverage="50%"/>
										<condition number="1" type="jump" coverage="50%"/>
									</conditions>
								</line>
								<line number="631" hits="0" branch="false"/>
								<line number="634" hits="2" branch="false"/>
								<line number="635" hits="2" branch="false"/>
								<line number="638" hits="192" branch="false"/>
								<line number="639" hits="192" branch="false"/>
								<line number="640" hits="192" branch="false"/>
								<line number="641" hits="192" branch="false"/>
							</lines>
						</method>
						<method name="hashCode" signature="()I" line-rate="0.0" branch-rate="1.0">
							<lines>
								<line number="383" hits="0" branch="false"/>
							</lines>
						</method>
						<method name="intValue" signature="()I" line-rate="1.0" branch-rate="1.0">
							<lines>
								<line number="393" hits="24" branch="false"/>
							</lines>
						</method>
						<method name="longValue" signature="()J" line-rate="1.0" branch-rate="1.0">
							<lines>
								<line number="403" hits="8" branch="false"/>
							</lines>
						</method>
						<method name="multiply" signature="(I)Ljava/lang/Object;" line-rate="1.0" branch-rate="1.0">
							<lines>
							</lines>
						</method>
						<method name="multiply" signature="(I)Lorg/apache/commons/math3/fraction/Fraction;" line-rate="1.0" branch-rate="1.0">
							<lines>
								<line number="560" hits="12" branch="false"/>
							</lines>
						</method>
						<method name="multiply" signature="(Ljava/lang/Object;)Ljava/lang/Object;" line-rate="1.0" branch-rate="1.0">
							<lines>
							</lines>
						</method>
						<method name="multiply" signature="(Lorg/apache/commons/math3/fraction/Fraction;)Lorg/apache/commons/math3/fraction/Fraction;" line-rate="1.0" branch-rate="0.8333333333333334">
							<lines>
								<line number="539" hits="196" branch="true" condition-coverage="100% (2/2)">
									<conditions>
										<condition number="0" type="jump" coverage="100%"/>
									</conditions>
								</line>
								<line number="540" hits="4" branch="false"/>
								<line number="542" hits="192" branch="true" condition-coverage="75% (3/4)">
									<conditions>
										<condition number="0" type="jump" coverage="100%"/>
										<condition number="1" type="jump" coverage="50%"/>
									</conditions>
								</line>
								<line number="543" hits="6" branch="false"/>
								<line number="547" hits="186" branch="false"/>
								<line number="548" hits="186" branch="false"/>
								<line number="549" hits="186" branch="false"/>
							</lines>
						</method>
						<method name="negate" signature="()Ljava/lang/Object;" line-rate="1.0" branch-rate="1.0">
							<lines>
							</lines>
						</method>
						<method name="negate" signature="()Lorg/apache/commons/math3/fraction/Fraction;" line-rate="0.6666666666666666" branch-rate="0.5">
							<lines>
								<line number="411" hits="70" branch="true" condition-coverage="50% (1/2)">
									<conditions>
										<condition number="0" type="jump" coverage="50%"/>
									</conditions>
								</line>
								<line number="412" hits="0" branch="false"/>
								<line number="414" hits="70" branch="false"/>
							</lines>
						</method>
						<method name="percentageValue" signature="()D" line-rate="1.0" branch-rate="1.0">
							<lines>
								<line number="602" hits="4" branch="false"/>
							</lines>
						</method>
						<method name="reciprocal" signature="()Ljava/lang/Object;" line-rate="1.0" branch-rate="1.0">
							<lines>
							</lines>
						</method>
						<method name="reciprocal" signature="()Lorg/apache/commons/math3/fraction/Fraction;" line-rate="1.0" branch-rate="1.0">
							<lines>
								<line number="422" hits="178" branch="false"/>
							</lines>
						</method>
						<method name="subtract" signature="(I)Lorg/apache/commons/math3/fraction/Fraction;" line-rate="1.0" branch-rate="1.0">
							<lines>
								<line number="468" hits="4" branch="false"/>
							</lines>
						</method>
						<method name="subtract" signature="(Ljava/lang/Object;)Ljava/lang/Object;" line-rate="1.0" branch-rate="1.0">
							<lines>
							</lines>
						</method>
						<method name="subtract" signature="(Lorg/apache/commons/math3/fraction/Fraction;)Lorg/apache/commons/math3/fraction/Fraction;" line-rate="1.0" branch-rate="1.0">
							<lines>
								<line number="459" hits="48" branch="false"/>
							</lines>
						</method>
						<method name="toString" signature="()Ljava/lang/String;" line-rate="0.8571428571428571" branch-rate="0.75">
							<lines>
								<line number="655" hits="10" branch="false"/>
								<line number="656" hits="10" branch="true" condition-coverage="100% (2/2)">
									<conditions>
										<condition number="0" type="jump" coverage="100%"/>
									</conditions>
								</line>
								<line number="657" hits="6" branch="false"/>
								<line number="658" hits="4" branch="true" condition-coverage="50% (1/2)">
									<conditions>
										<condition number="0" type="jump" coverage="50%"/>
									</conditions>
								</line>
								<line number="659" hits="0" branch="false"/>
								<line number="661" hits="4" branch="false"/>
								<line number="663" hits="10" branch="false"/>
							</lines>
						</method>
					</methods>
					<lines>
						<line number="37" hits="0" branch="false"/>
						<line number="42" hits="1" branch="false"/>
						<line number="45" hits="1" branch="false"/>
						<line number="48" hits="1" branch="false"/>
						<line number="51" hits="1" branch="false"/>
						<line number="54" hits="1" branch="false"/>
						<line number="57" hits="1" branch="false"/>
						<line number="60" hits="1" branch="false"/>
						<line number="63" hits="1" branch="false"/>
						<line number="66" hits="1" branch="false"/>
						<line number="69" hits="1" branch="false"/>
						<line number="72" hits="1" branch="false"/>
						<line number="75" hits="1" branch="false"/>
						<line number="78" hits="1" branch="false"/>
						<line number="81" hits="1" branch="false"/>
						<line number="102" hits="4" branch="false"/>
						<line number="103" hits="4" branch="false"/>
						<line number="124" hits="12" branch="false"/>
						<line number="125" hits="12" branch="false"/>
						<line number="144" hits="2" branch="false"/>
						<line number="145" hits="0" branch="false"/>
						<line number="180" hits="14" branch="false"/>
						<line number="181" hits="14" branch="false"/>
						<line number="182" hits="14" branch="false"/>
						<line number="183" hits="14" branch="false"/>
						<line number="184" hits="14" branch="true" condition-coverage="50% (1/2)">
							<conditions>
								<condition number="0" type="jump" coverage="50%"/>
							</conditions>
						</line>
						<line number="185" hits="0" branch="false"/>
						<line number="189" hits="14" branch="true" condition-coverage="100% (2/2)">
							<conditions>
								<condition number="0" type="jump" coverage="100%"/>
							</conditions>
						</line>
						<line number="190" hits="12" branch="false"/>
						<line number="191" hits="12" branch="false"/>
						<line number="192" hits="12" branch="false"/>
						<line number="195" hits="2" branch="false"/>
						<line number="196" hits="2" branch="false"/>
						<line number="197" hits="2" branch="false"/>
						<line number="198" hits="2" branch="false"/>
						<line number="200" hits="2" branch="false"/>
						<line number="201" hits="2" branch="false"/>
						<line number="203" hits="2" branch="false"/>
						<line number="204" hits="2" branch="false"/>
						<line number="206" hits="2" branch="false"/>
						<line number="207" hits="2" branch="false"/>
						<line number="208" hits="2" branch="false"/>
						<line number="209" hits="2" branch="false"/>
						<line number="210" hits="2" branch="false"/>
						<line number="212" hits="2" branch="true" condition-coverage="50% (2/4)">
							<conditions>
								<condition number="0" type="jump" coverage="50%"/>
								<condition number="1" type="jump" coverage="50%"/>
							</conditions>
						</line>
						<line number="215" hits="2" branch="false"/>
						<line number="218" hits="0" branch="false"/>
						<line number="219" hits="0" branch="true" condition-coverage="0% (0/6)">
							<conditions>
								<condition number="0" type="jump" coverage="0%"/>
								<condition number="1" type="jump" coverage="0%"/>
								<condition number="2" type="jump" coverage="0%"/>
							</conditions>
						</line>
						<line number="220" hits="0" branch="false"/>
						<line number="221" hits="0" branch="false"/>
						<line number="222" hits="0" branch="false"/>
						<line number="223" hits="0" branch="false"/>
						<line number="224" hits="0" branch="false"/>
						<line number="225" hits="0" branch="false"/>
						<line number="227" hits="0" branch="false"/>
						<line number="229" hits="0" branch="true" condition-coverage="0% (0/2)">
							<conditions>
								<condition number="0" type="jump" coverage="0%"/>
							</conditions>
						</line>
						<line number="231" hits="0" branch="true" condition-coverage="0% (0/2)">
							<conditions>
								<condition number="0" type="jump" coverage="0%"/>
							</conditions>
						</line>
						<line number="232" hits="0" branch="false"/>
						<line number="235" hits="0" branch="true" condition-coverage="0% (0/2)">
							<conditions>
								<condition number="0" type="jump" coverage="0%"/>
							</conditions>
						</line>
						<line number="236" hits="0" branch="false"/>
						<line number="237" hits="0" branch="false"/>
						<line number="239" hits="0" branch="false"/>
						<line number="240" hits="0" branch="false"/>
						<line number="243" hits="0" branch="false"/>
						<line number="251" hits="14" branch="false"/>
						<line number="252" hits="14" branch="false"/>
						<line number="261" hits="518" branch="false"/>
						<line number="262" hits="518" branch="true" condition-coverage="100% (2/2)">
							<conditions>
								<condition number="0" type="jump" coverage="100%"/>
							</conditions>
						</line>
						<line number="263" hits="2" branch="false"/>
						<line number="266" hits="516" branch="true" condition-coverage="100% (2/2)">
							<conditions>
								<condition number="0" type="jump" coverage="100%"/>
							</conditions>
						</line>
						<line number="267" hits="2" branch="true" condition-coverage="50% (2/4)">
							<conditions>
								<condition number="0" type="jump" coverage="50%"/>
								<condition number="1" type="jump" coverage="50%"/>
							</conditions>
						</line>
						<line number="269" hits="0" branch="false"/>
						<line number="272" hits="2" branch="false"/>
						<line number="273" hits="2" branch="false"/>
						<line number="276" hits="516" branch="false"/>
						<line number="277" hits="516" branch="true" condition-coverage="100% (2/2)">
							<conditions>
								<condition number="0" type="jump" coverage="100%"/>
							</conditions>
						</line>
						<line number="278" hits="7" branch="false"/>
						<line number="279" hits="7" branch="false"/>
						<line number="283" hits="516" branch="true" condition-coverage="50% (1/2)">
							<conditions>
								<condition number="0" type="jump" coverage="50%"/>
							</conditions>
						</line>
						<line number="284" hits="0" branch="false"/>
						<line number="285" hits="0" branch="false"/>
						<line number="287" hits="516" branch="false"/>
						<line number="288" hits="516" branch="false"/>
						<line number="289" hits="516" branch="false"/>
						<line number="297" hits="6" branch="true" condition-coverage="50% (1/2)">
							<conditions>
								<condition number="0" type="jump" coverage="50%"/>
							</conditions>
						</line>
						<line number="298" hits="6" branch="false"/>
						<line number="300" hits="0" branch="false"/>
						<line number="302" hits="6" branch="false"/>
						<line number="312" hits="20" branch="false"/>
						<line number="313" hits="20" branch="false"/>
						<line number="314" hits="20" branch="true" condition-coverage="100% (4/4)">
							<conditions>
								<condition number="0" type="jump" coverage="100%"/>
								<condition number="1" type="jump" coverage="100%"/>
							</conditions>
						</line>
						<line number="324" hits="52" branch="false"/>
						<line number="338" hits="0" branch="true" condition-coverage="0% (0/2)">
							<conditions>
								<condition number="0" type="jump" coverage="0%"/>
							</conditions>
						</line>
						<line number="339" hits="0" branch="false"/>
						<line number="341" hits="0" branch="true" condition-coverage="0% (0/2)">
							<conditions>
								<condition number="0" type="jump" coverage="0%"/>
							</conditions>
						</line>
						<line number="344" hits="0" branch="false"/>
						<line number="345" hits="0" branch="true" condition-coverage="0% (0/4)">
							<conditions>
								<condition number="0" type="jump" coverage="0%"/>
								<condition number="1" type="jump" coverage="0%"/>
							</conditions>
						</line>
						<line number="348" hits="0" branch="false"/>
						<line number="358" hits="8" branch="false"/>
						<line number="366" hits="12" branch="false"/>
						<line number="374" hits="6" branch="false"/>
						<line number="383" hits="0" branch="false"/>
						<line number="393" hits="24" branch="false"/>
						<line number="403" hits="8" branch="false"/>
						<line number="411" hits="70" branch="true" condition-coverage="50% (1/2)">
							<conditions>
								<condition number="0" type="jump" coverage="50%"/>
							</conditions>
						</line>
						<line number="412" hits="0" branch="false"/>
						<line number="414" hits="70" branch="false"/>
						<line number="422" hits="178" branch="false"/>
						<line number="436" hits="12" branch="false"/>
						<line number="445" hits="18" branch="false"/>
						<line number="459" hits="48" branch="false"/>
						<line number="468" hits="4" branch="false"/>
						<line number="482" hits="60" branch="true" condition-coverage="100% (2/2)">
							<conditions>
								<condition number="0" type="jump" coverage="100%"/>
							</conditions>
						</line>
						<line number="483" hits="2" branch="false"/>
						<line number="486" hits="58" branch="true" condition-coverage="100% (2/2)">
							<conditions>
								<condition number="0" type="jump" coverage="100%"/>
							</conditions>
						</line>
						<line number="487" hits="40" branch="true" condition-coverage="50% (1/2)">
							<conditions>
								<condition number="0" type="jump" coverage="50%"/>
							</conditions>
						</line>
						<line number="489" hits="18" branch="true" condition-coverage="100% (2/2)">
							<conditions>
								<condition number="0" type="jump" coverage="100%"/>
							</conditions>
						</line>
						<line number="490" hits="4" branch="false"/>
						<line number="494" hits="14" branch="false"/>
						<line number="495" hits="14" branch="true" condition-coverage="100% (2/2)">
							<conditions>
								<condition number="0" type="jump" coverage="100%"/>
							</conditions>
						</line>
						<line number="497" hits="12" branch="false"/>
						<line number="498" hits="12" branch="false"/>
						<line number="499" hits="12" branch="true" condition-coverage="100% (2/2)">
							<conditions>
								<condition number="0" type="jump" coverage="100%"/>
							</conditions>
						</line>
						<line number="507" hits="2" branch="false"/>
						<line number="509" hits="2" branch="false"/>
						<line number="511" hits="2" branch="true" condition-coverage="50% (1/2)">
							<conditions>
								<condition number="0" type="jump" coverage="50%"/>
							</conditions>
						</line>
						<line number="514" hits="2" branch="false"/>
						<line number="515" hits="2" branch="true" condition-coverage="50% (1/2)">
							<conditions>
								<condition number="0" type="jump" coverage="50%"/>
							</conditions>
						</line>
						<line number="518" hits="2" branch="false"/>
						<line number="519" hits="2" branch="true" condition-coverage="50% (1/2)">
							<conditions>
								<condition number="0" type="jump" coverage="50%"/>
							</conditions>
						</line>
						<line number="520" hits="0" branch="false"/>
						<line number="523" hits="2" branch="false"/>
						<line number="539" hits="196" branch="true" condition-coverage="100% (2/2)">
							<conditions>
								<condition number="0" type="jump" coverage="100%"/>
							</conditions>
						</line>
						<line number="540" hits="4" branch="false"/>
						<line number="542" hits="192" branch="true" condition-coverage="75% (3/4)">
							<conditions>
								<condition number="0" type="jump" coverage="100%"/>
								<condition number="1" type="jump" coverage="50%"/>
							</conditions>
						</line>
						<line number="543" hits="6" branch="false"/>
						<line number="547" hits="186" branch="false"/>
						<line number="548" hits="186" branch="false"/>
						<line number="549" hits="186" branch="false"/>
						<line number="560" hits="12" branch="false"/>
						<line number="574" hits="156" branch="true" condition-coverage="50% (1/2)">
							<conditions>
								<condition number="0" type="jump" coverage="50%"/>
							</conditions>
						</line>
						<line number="575" hits="0" branch="false"/>
						<line number="577" hits="156" branch="true" condition-coverage="50% (1/2)">
							<conditions>
								<condition number="0" type="jump" coverage="50%"/>
							</conditions>
						</line>
						<line number="578" hits="0" branch="false"/>
						<line number="581" hits="156" branch="false"/>
						<line number="590" hits="2" branch="false"/>
						<line number="602" hits="4" branch="false"/>
						<line number="617" hits="194" branch="true" condition-coverage="50% (1/2)">
							<conditions>
								<condition number="0" type="jump" coverage="50%"/>
							</conditions>
						</line>
						<line number="618" hits="0" branch="false"/>
						<line number="621" hits="194" branch="true" condition-coverage="100% (2/2)">
							<conditions>
								<condition number="0" type="jump" coverage="100%"/>
							</conditions>
						</line>
						<line number="622" hits="2" branch="false"/>
						<line number="625" hits="192" branch="true" condition-coverage="25% (1/4)">
							<conditions>
								<condition number="0" type="jump" coverage="50%"/>
								<condition number="1" type="jump" coverage="0%"/>
							</conditions>
						</line>
						<line number="626" hits="0" branch="false"/>
						<line number="628" hits="192" branch="true" condition-coverage="100% (2/2)">
							<conditions>
								<condition number="0" type="jump" coverage="100%"/>
							</conditions>
						</line>
						<line number="629" hits="2" branch="true" condition-coverage="50% (2/4)">
							<conditions>
								<condition number="0" type="jump" coverage="50%"/>
								<condition number="1" type="jump" coverage="50%"/>
							</conditions>
						</line>
						<line number="631" hits="0" branch="false"/>
						<line number="634" hits="2" branch="false"/>
						<line number="635" hits="2" branch="false"/>
						<line number="638" hits="192" branch="false"/>
						<line number="639" hits="192" branch="false"/>
						<line number="640" hits="192" branch="false"/>
						<line number="641" hits="192" branch="false"/>
						<line number="655" hits="10" branch="false"/>
						<line number="656" hits="10" branch="true" condition-coverage="100% (2/2)">
							<conditions>
								<condition number="0" type="jump" coverage="100%"/>
							</conditions>
						</line>
						<line number="657" hits="6" branch="false"/>
						<line number="658" hits="4" branch="true" condition-coverage="50% (1/2)">
							<conditions>
								<condition number="0" type="jump" coverage="50%"/>
							</conditions>
						</line>
						<line number="659" hits="0" branch="false"/>
						<line number="661" hits="4" branch="false"/>
						<line number="663" hits="10" branch="false"/>
						<line number="668" hits="216" branch="false"/>
					</lines>
				</class>
			</classes>
		</package>
	</packages>
</coverage>
